{"/Users/capeljos/Work/commerce-cif-hybris/cif/carts/src/actions/billingaddress.ts":{"path":"/Users/capeljos/Work/commerce-cif-hybris/cif/carts/src/actions/billingaddress.ts","statementMap":{"0":{"start":{"line":18,"column":0},"end":{"line":18,"column":83}},"1":{"start":{"line":19,"column":0},"end":{"line":19,"column":75}},"2":{"start":{"line":21,"column":19},"end":{"line":21,"column":40}},"3":{"start":{"line":25,"column":2},"end":{"line":28,"column":16}},"4":{"start":{"line":32,"column":13},"end":{"line":32,"column":39}}},"fnMap":{"0":{"name":"postBillingAddress","decl":{"start":{"line":23,"column":9},"end":{"line":23,"column":27}},"loc":{"start":{"line":23,"column":40},"end":{"line":30,"column":1}}}},"branchMap":{},"s":{"0":0,"1":0,"2":0,"3":0,"4":0},"f":{"0":0},"b":{}},"/Users/capeljos/Work/commerce-cif-hybris/cif/carts/src/actions/carts.ts":{"path":"/Users/capeljos/Work/commerce-cif-hybris/cif/carts/src/actions/carts.ts","statementMap":{"0":{"start":{"line":18,"column":0},"end":{"line":18,"column":97}},"1":{"start":{"line":19,"column":0},"end":{"line":19,"column":55}},"2":{"start":{"line":20,"column":0},"end":{"line":20,"column":47}},"3":{"start":{"line":21,"column":0},"end":{"line":21,"column":59}},"4":{"start":{"line":22,"column":0},"end":{"line":22,"column":61}},"5":{"start":{"line":24,"column":19},"end":{"line":24,"column":30}},"6":{"start":{"line":28,"column":2},"end":{"line":32,"column":16}},"7":{"start":{"line":36,"column":13},"end":{"line":36,"column":35}},"8":{"start":{"line":40,"column":2},"end":{"line":44,"column":16}},"9":{"start":{"line":48,"column":13},"end":{"line":48,"column":37}},"10":{"start":{"line":52,"column":2},"end":{"line":55,"column":16}},"11":{"start":{"line":59,"column":13},"end":{"line":59,"column":29}}},"fnMap":{"0":{"name":"getCartById","decl":{"start":{"line":26,"column":9},"end":{"line":26,"column":20}},"loc":{"start":{"line":26,"column":33},"end":{"line":34,"column":1}}},"1":{"name":"deleteCart","decl":{"start":{"line":38,"column":9},"end":{"line":38,"column":19}},"loc":{"start":{"line":38,"column":32},"end":{"line":46,"column":1}}},"2":{"name":"postCart","decl":{"start":{"line":50,"column":9},"end":{"line":50,"column":17}},"loc":{"start":{"line":50,"column":30},"end":{"line":57,"column":1}}}},"branchMap":{},"s":{"0":0,"1":0,"2":0,"3":0,"4":0,"5":0,"6":0,"7":0,"8":0,"9":0,"10":0,"11":0},"f":{"0":0,"1":0,"2":0},"b":{}},"/Users/capeljos/Work/commerce-cif-hybris/cif/carts/src/actions/coupons.ts":{"path":"/Users/capeljos/Work/commerce-cif-hybris/cif/carts/src/actions/coupons.ts","statementMap":{"0":{"start":{"line":18,"column":0},"end":{"line":18,"column":75}},"1":{"start":{"line":19,"column":0},"end":{"line":19,"column":59}},"2":{"start":{"line":20,"column":0},"end":{"line":20,"column":63}},"3":{"start":{"line":22,"column":19},"end":{"line":22,"column":30}},"4":{"start":{"line":26,"column":2},"end":{"line":29,"column":16}},"5":{"start":{"line":33,"column":13},"end":{"line":33,"column":31}},"6":{"start":{"line":37,"column":2},"end":{"line":40,"column":16}},"7":{"start":{"line":44,"column":13},"end":{"line":44,"column":43}}},"fnMap":{"0":{"name":"postCoupon","decl":{"start":{"line":24,"column":9},"end":{"line":24,"column":19}},"loc":{"start":{"line":24,"column":32},"end":{"line":31,"column":1}}},"1":{"name":"deleteCouponById","decl":{"start":{"line":35,"column":9},"end":{"line":35,"column":25}},"loc":{"start":{"line":35,"column":38},"end":{"line":42,"column":1}}}},"branchMap":{},"s":{"0":0,"1":0,"2":0,"3":0,"4":0,"5":0,"6":0,"7":0},"f":{"0":0,"1":0},"b":{}},"/Users/capeljos/Work/commerce-cif-hybris/cif/carts/src/actions/entries.ts":{"path":"/Users/capeljos/Work/commerce-cif-hybris/cif/carts/src/actions/entries.ts","statementMap":{"0":{"start":{"line":18,"column":0},"end":{"line":18,"column":75}},"1":{"start":{"line":19,"column":0},"end":{"line":19,"column":65}},"2":{"start":{"line":20,"column":0},"end":{"line":20,"column":63}},"3":{"start":{"line":21,"column":0},"end":{"line":21,"column":69}},"4":{"start":{"line":22,"column":0},"end":{"line":22,"column":71}},"5":{"start":{"line":24,"column":19},"end":{"line":24,"column":30}},"6":{"start":{"line":28,"column":2},"end":{"line":32,"column":16}},"7":{"start":{"line":36,"column":13},"end":{"line":36,"column":34}},"8":{"start":{"line":40,"column":2},"end":{"line":43,"column":16}},"9":{"start":{"line":47,"column":13},"end":{"line":47,"column":32}},"10":{"start":{"line":51,"column":2},"end":{"line":54,"column":16}},"11":{"start":{"line":58,"column":13},"end":{"line":58,"column":42}}},"fnMap":{"0":{"name":"postCartEntry","decl":{"start":{"line":26,"column":9},"end":{"line":26,"column":22}},"loc":{"start":{"line":26,"column":35},"end":{"line":34,"column":1}}},"1":{"name":"putCartEntry","decl":{"start":{"line":38,"column":9},"end":{"line":38,"column":21}},"loc":{"start":{"line":38,"column":34},"end":{"line":45,"column":1}}},"2":{"name":"deleteCartEntry","decl":{"start":{"line":49,"column":9},"end":{"line":49,"column":24}},"loc":{"start":{"line":49,"column":37},"end":{"line":56,"column":1}}}},"branchMap":{},"s":{"0":0,"1":0,"2":0,"3":0,"4":0,"5":0,"6":0,"7":0,"8":0,"9":0,"10":0,"11":0},"f":{"0":0,"1":0,"2":0},"b":{}},"/Users/capeljos/Work/commerce-cif-hybris/cif/carts/src/actions/paymentmethods.ts":{"path":"/Users/capeljos/Work/commerce-cif-hybris/cif/carts/src/actions/paymentmethods.ts","statementMap":{"0":{"start":{"line":18,"column":0},"end":{"line":18,"column":81}},"1":{"start":{"line":19,"column":0},"end":{"line":19,"column":73}},"2":{"start":{"line":20,"column":0},"end":{"line":20,"column":73}},"3":{"start":{"line":24,"column":2},"end":{"line":28,"column":16}},"4":{"start":{"line":32,"column":13},"end":{"line":32,"column":37}}},"fnMap":{"0":{"name":"getPaymentMethods","decl":{"start":{"line":22,"column":9},"end":{"line":22,"column":26}},"loc":{"start":{"line":22,"column":39},"end":{"line":30,"column":1}}}},"branchMap":{},"s":{"0":0,"1":0,"2":0,"3":0,"4":0},"f":{"0":0},"b":{}},"/Users/capeljos/Work/commerce-cif-hybris/cif/carts/src/actions/payments.ts":{"path":"/Users/capeljos/Work/commerce-cif-hybris/cif/carts/src/actions/payments.ts","statementMap":{"0":{"start":{"line":18,"column":0},"end":{"line":18,"column":75}},"1":{"start":{"line":19,"column":0},"end":{"line":19,"column":61}},"2":{"start":{"line":20,"column":0},"end":{"line":20,"column":65}},"3":{"start":{"line":22,"column":19},"end":{"line":22,"column":33}},"4":{"start":{"line":26,"column":2},"end":{"line":29,"column":16}},"5":{"start":{"line":33,"column":13},"end":{"line":33,"column":32}},"6":{"start":{"line":37,"column":2},"end":{"line":40,"column":16}},"7":{"start":{"line":44,"column":13},"end":{"line":44,"column":40}}},"fnMap":{"0":{"name":"postPayment","decl":{"start":{"line":24,"column":9},"end":{"line":24,"column":20}},"loc":{"start":{"line":24,"column":33},"end":{"line":31,"column":1}}},"1":{"name":"deletePayment","decl":{"start":{"line":35,"column":9},"end":{"line":35,"column":22}},"loc":{"start":{"line":35,"column":35},"end":{"line":42,"column":1}}}},"branchMap":{},"s":{"0":0,"1":0,"2":0,"3":0,"4":0,"5":0,"6":0,"7":0},"f":{"0":0,"1":0},"b":{}},"/Users/capeljos/Work/commerce-cif-hybris/cif/carts/src/actions/shippingaddress.ts":{"path":"/Users/capeljos/Work/commerce-cif-hybris/cif/carts/src/actions/shippingaddress.ts","statementMap":{"0":{"start":{"line":18,"column":0},"end":{"line":18,"column":75}},"1":{"start":{"line":19,"column":0},"end":{"line":19,"column":77}},"2":{"start":{"line":20,"column":0},"end":{"line":20,"column":81}},"3":{"start":{"line":22,"column":19},"end":{"line":22,"column":41}},"4":{"start":{"line":26,"column":2},"end":{"line":29,"column":16}},"5":{"start":{"line":33,"column":13},"end":{"line":33,"column":40}},"6":{"start":{"line":37,"column":2},"end":{"line":40,"column":16}},"7":{"start":{"line":44,"column":13},"end":{"line":44,"column":41}}},"fnMap":{"0":{"name":"postShippingAddress","decl":{"start":{"line":24,"column":9},"end":{"line":24,"column":28}},"loc":{"start":{"line":24,"column":41},"end":{"line":31,"column":1}}},"1":{"name":"deleteShippingAddress","decl":{"start":{"line":35,"column":9},"end":{"line":35,"column":30}},"loc":{"start":{"line":35,"column":43},"end":{"line":42,"column":1}}}},"branchMap":{},"s":{"0":0,"1":0,"2":0,"3":0,"4":0,"5":0,"6":0,"7":0},"f":{"0":0,"1":0},"b":{}},"/Users/capeljos/Work/commerce-cif-hybris/cif/carts/src/actions/shippingmethods.ts":{"path":"/Users/capeljos/Work/commerce-cif-hybris/cif/carts/src/actions/shippingmethods.ts","statementMap":{"0":{"start":{"line":18,"column":0},"end":{"line":18,"column":97}},"1":{"start":{"line":19,"column":0},"end":{"line":19,"column":75}},"2":{"start":{"line":20,"column":0},"end":{"line":20,"column":75}},"3":{"start":{"line":21,"column":0},"end":{"line":21,"column":79}},"4":{"start":{"line":22,"column":0},"end":{"line":22,"column":75}},"5":{"start":{"line":24,"column":19},"end":{"line":24,"column":41}},"6":{"start":{"line":28,"column":2},"end":{"line":31,"column":16}},"7":{"start":{"line":35,"column":13},"end":{"line":35,"column":39}},"8":{"start":{"line":39,"column":2},"end":{"line":42,"column":16}},"9":{"start":{"line":46,"column":13},"end":{"line":46,"column":40}},"10":{"start":{"line":50,"column":2},"end":{"line":54,"column":16}},"11":{"start":{"line":58,"column":13},"end":{"line":58,"column":37}}},"fnMap":{"0":{"name":"postShippingMethod","decl":{"start":{"line":26,"column":9},"end":{"line":26,"column":27}},"loc":{"start":{"line":26,"column":40},"end":{"line":33,"column":1}}},"1":{"name":"deleteShippingMethod","decl":{"start":{"line":37,"column":9},"end":{"line":37,"column":29}},"loc":{"start":{"line":37,"column":42},"end":{"line":44,"column":1}}},"2":{"name":"getShippingMethod","decl":{"start":{"line":48,"column":9},"end":{"line":48,"column":26}},"loc":{"start":{"line":48,"column":39},"end":{"line":56,"column":1}}}},"branchMap":{},"s":{"0":0,"1":0,"2":0,"3":0,"4":0,"5":0,"6":0,"7":0,"8":0,"9":0,"10":0,"11":0},"f":{"0":0,"1":0,"2":0},"b":{}},"/Users/capeljos/Work/commerce-cif-hybris/cif/carts/src/clients/DeleteCartClient.ts":{"path":"/Users/capeljos/Work/commerce-cif-hybris/cif/carts/src/clients/DeleteCartClient.ts","statementMap":{"0":{"start":{"line":18,"column":0},"end":{"line":18,"column":78}},"1":{"start":{"line":24,"column":4},"end":{"line":24,"column":17}},"2":{"start":{"line":32,"column":8},"end":{"line":32,"column":27}},"3":{"start":{"line":36,"column":8},"end":{"line":36,"column":29}},"4":{"start":{"line":38,"column":4},"end":{"line":40,"column":57}},"5":{"start":{"line":39,"column":18},"end":{"line":39,"column":27}},"6":{"start":{"line":40,"column":28},"end":{"line":40,"column":55}},"7":{"start":{"line":21,"column":0},"end":{"line":21,"column":21}}},"fnMap":{"0":{"name":"(anonymous_0)","decl":{"start":{"line":23,"column":2},"end":{"line":23,"column":14}},"loc":{"start":{"line":23,"column":26},"end":{"line":25,"column":3}}},"1":{"name":"(anonymous_1)","decl":{"start":{"line":27,"column":2},"end":{"line":27,"column":6}},"loc":{"start":{"line":27,"column":6},"end":{"line":42,"column":3}}},"2":{"name":"(anonymous_2)","decl":{"start":{"line":39,"column":12},"end":{"line":39,"column":15}},"loc":{"start":{"line":39,"column":18},"end":{"line":39,"column":27}}},"3":{"name":"(anonymous_3)","decl":{"start":{"line":40,"column":13},"end":{"line":40,"column":24}},"loc":{"start":{"line":40,"column":28},"end":{"line":40,"column":55}}}},"branchMap":{},"s":{"0":0,"1":0,"2":0,"3":0,"4":0,"5":0,"6":0,"7":0},"f":{"0":0,"1":0,"2":0,"3":0},"b":{}},"/Users/capeljos/Work/commerce-cif-hybris/cif/carts/src/clients/DeleteCartEntryClient.ts":{"path":"/Users/capeljos/Work/commerce-cif-hybris/cif/carts/src/clients/DeleteCartEntryClient.ts","statementMap":{"0":{"start":{"line":18,"column":0},"end":{"line":18,"column":78}},"1":{"start":{"line":24,"column":4},"end":{"line":24,"column":17}},"2":{"start":{"line":32,"column":8},"end":{"line":32,"column":27}},"3":{"start":{"line":37,"column":8},"end":{"line":37,"column":29}},"4":{"start":{"line":39,"column":4},"end":{"line":41,"column":57}},"5":{"start":{"line":40,"column":18},"end":{"line":40,"column":27}},"6":{"start":{"line":41,"column":28},"end":{"line":41,"column":55}},"7":{"start":{"line":21,"column":0},"end":{"line":21,"column":21}}},"fnMap":{"0":{"name":"(anonymous_0)","decl":{"start":{"line":23,"column":2},"end":{"line":23,"column":14}},"loc":{"start":{"line":23,"column":26},"end":{"line":25,"column":3}}},"1":{"name":"(anonymous_1)","decl":{"start":{"line":27,"column":2},"end":{"line":27,"column":6}},"loc":{"start":{"line":27,"column":6},"end":{"line":42,"column":3}}},"2":{"name":"(anonymous_2)","decl":{"start":{"line":40,"column":12},"end":{"line":40,"column":15}},"loc":{"start":{"line":40,"column":18},"end":{"line":40,"column":27}}},"3":{"name":"(anonymous_3)","decl":{"start":{"line":41,"column":13},"end":{"line":41,"column":24}},"loc":{"start":{"line":41,"column":28},"end":{"line":41,"column":55}}}},"branchMap":{},"s":{"0":0,"1":0,"2":0,"3":0,"4":0,"5":0,"6":0,"7":0},"f":{"0":0,"1":0,"2":0,"3":0},"b":{}},"/Users/capeljos/Work/commerce-cif-hybris/cif/carts/src/clients/DeleteCouponClient.ts":{"path":"/Users/capeljos/Work/commerce-cif-hybris/cif/carts/src/clients/DeleteCouponClient.ts","statementMap":{"0":{"start":{"line":18,"column":0},"end":{"line":18,"column":81}},"1":{"start":{"line":23,"column":4},"end":{"line":23,"column":17}},"2":{"start":{"line":31,"column":8},"end":{"line":31,"column":27}},"3":{"start":{"line":36,"column":8},"end":{"line":36,"column":29}},"4":{"start":{"line":38,"column":4},"end":{"line":40,"column":57}},"5":{"start":{"line":39,"column":25},"end":{"line":39,"column":34}},"6":{"start":{"line":40,"column":28},"end":{"line":40,"column":55}},"7":{"start":{"line":20,"column":0},"end":{"line":20,"column":21}}},"fnMap":{"0":{"name":"(anonymous_0)","decl":{"start":{"line":22,"column":2},"end":{"line":22,"column":14}},"loc":{"start":{"line":22,"column":26},"end":{"line":24,"column":3}}},"1":{"name":"(anonymous_1)","decl":{"start":{"line":26,"column":2},"end":{"line":26,"column":6}},"loc":{"start":{"line":26,"column":6},"end":{"line":41,"column":3}}},"2":{"name":"(anonymous_2)","decl":{"start":{"line":39,"column":12},"end":{"line":39,"column":21}},"loc":{"start":{"line":39,"column":25},"end":{"line":39,"column":34}}},"3":{"name":"(anonymous_3)","decl":{"start":{"line":40,"column":13},"end":{"line":40,"column":24}},"loc":{"start":{"line":40,"column":28},"end":{"line":40,"column":55}}}},"branchMap":{},"s":{"0":0,"1":0,"2":0,"3":0,"4":0,"5":0,"6":0,"7":0},"f":{"0":0,"1":0,"2":0,"3":0},"b":{}},"/Users/capeljos/Work/commerce-cif-hybris/cif/carts/src/clients/DeletePaymentClient.ts":{"path":"/Users/capeljos/Work/commerce-cif-hybris/cif/carts/src/clients/DeletePaymentClient.ts","statementMap":{"0":{"start":{"line":18,"column":0},"end":{"line":18,"column":88}},"1":{"start":{"line":23,"column":4},"end":{"line":23,"column":17}},"2":{"start":{"line":31,"column":8},"end":{"line":31,"column":27}},"3":{"start":{"line":35,"column":8},"end":{"line":35,"column":29}},"4":{"start":{"line":37,"column":4},"end":{"line":39,"column":57}},"5":{"start":{"line":38,"column":26},"end":{"line":38,"column":36}},"6":{"start":{"line":39,"column":28},"end":{"line":39,"column":55}},"7":{"start":{"line":20,"column":0},"end":{"line":20,"column":21}}},"fnMap":{"0":{"name":"(anonymous_0)","decl":{"start":{"line":22,"column":2},"end":{"line":22,"column":14}},"loc":{"start":{"line":22,"column":26},"end":{"line":24,"column":3}}},"1":{"name":"(anonymous_1)","decl":{"start":{"line":26,"column":2},"end":{"line":26,"column":6}},"loc":{"start":{"line":26,"column":6},"end":{"line":41,"column":3}}},"2":{"name":"(anonymous_2)","decl":{"start":{"line":38,"column":12},"end":{"line":38,"column":22}},"loc":{"start":{"line":38,"column":26},"end":{"line":38,"column":36}}},"3":{"name":"(anonymous_3)","decl":{"start":{"line":39,"column":13},"end":{"line":39,"column":24}},"loc":{"start":{"line":39,"column":28},"end":{"line":39,"column":55}}}},"branchMap":{},"s":{"0":0,"1":0,"2":0,"3":0,"4":0,"5":0,"6":0,"7":0},"f":{"0":0,"1":0,"2":0,"3":0},"b":{}},"/Users/capeljos/Work/commerce-cif-hybris/cif/carts/src/clients/DeleteShippingAddressClient.ts":{"path":"/Users/capeljos/Work/commerce-cif-hybris/cif/carts/src/clients/DeleteShippingAddressClient.ts","statementMap":{"0":{"start":{"line":18,"column":0},"end":{"line":18,"column":67}},"1":{"start":{"line":24,"column":4},"end":{"line":24,"column":17}},"2":{"start":{"line":32,"column":8},"end":{"line":32,"column":27}},"3":{"start":{"line":36,"column":8},"end":{"line":36,"column":29}},"4":{"start":{"line":38,"column":4},"end":{"line":40,"column":57}},"5":{"start":{"line":39,"column":18},"end":{"line":39,"column":27}},"6":{"start":{"line":40,"column":28},"end":{"line":40,"column":55}},"7":{"start":{"line":21,"column":0},"end":{"line":21,"column":21}}},"fnMap":{"0":{"name":"(anonymous_0)","decl":{"start":{"line":23,"column":2},"end":{"line":23,"column":14}},"loc":{"start":{"line":23,"column":26},"end":{"line":25,"column":3}}},"1":{"name":"(anonymous_1)","decl":{"start":{"line":27,"column":2},"end":{"line":27,"column":6}},"loc":{"start":{"line":27,"column":6},"end":{"line":42,"column":3}}},"2":{"name":"(anonymous_2)","decl":{"start":{"line":39,"column":12},"end":{"line":39,"column":15}},"loc":{"start":{"line":39,"column":18},"end":{"line":39,"column":27}}},"3":{"name":"(anonymous_3)","decl":{"start":{"line":40,"column":13},"end":{"line":40,"column":24}},"loc":{"start":{"line":40,"column":28},"end":{"line":40,"column":55}}}},"branchMap":{},"s":{"0":0,"1":0,"2":0,"3":0,"4":0,"5":0,"6":0,"7":0},"f":{"0":0,"1":0,"2":0,"3":0},"b":{}},"/Users/capeljos/Work/commerce-cif-hybris/cif/carts/src/clients/DeleteShippingMethodClient.ts":{"path":"/Users/capeljos/Work/commerce-cif-hybris/cif/carts/src/clients/DeleteShippingMethodClient.ts","statementMap":{"0":{"start":{"line":18,"column":0},"end":{"line":18,"column":67}},"1":{"start":{"line":24,"column":4},"end":{"line":24,"column":17}},"2":{"start":{"line":32,"column":8},"end":{"line":32,"column":27}},"3":{"start":{"line":36,"column":8},"end":{"line":36,"column":29}},"4":{"start":{"line":38,"column":4},"end":{"line":40,"column":57}},"5":{"start":{"line":39,"column":18},"end":{"line":39,"column":27}},"6":{"start":{"line":40,"column":28},"end":{"line":40,"column":55}},"7":{"start":{"line":21,"column":0},"end":{"line":21,"column":21}}},"fnMap":{"0":{"name":"(anonymous_0)","decl":{"start":{"line":23,"column":2},"end":{"line":23,"column":14}},"loc":{"start":{"line":23,"column":26},"end":{"line":25,"column":3}}},"1":{"name":"(anonymous_1)","decl":{"start":{"line":27,"column":2},"end":{"line":27,"column":6}},"loc":{"start":{"line":27,"column":6},"end":{"line":42,"column":3}}},"2":{"name":"(anonymous_2)","decl":{"start":{"line":39,"column":12},"end":{"line":39,"column":15}},"loc":{"start":{"line":39,"column":18},"end":{"line":39,"column":27}}},"3":{"name":"(anonymous_3)","decl":{"start":{"line":40,"column":13},"end":{"line":40,"column":24}},"loc":{"start":{"line":40,"column":28},"end":{"line":40,"column":55}}}},"branchMap":{},"s":{"0":0,"1":0,"2":0,"3":0,"4":0,"5":0,"6":0,"7":0},"f":{"0":0,"1":0,"2":0,"3":0},"b":{}},"/Users/capeljos/Work/commerce-cif-hybris/cif/carts/src/clients/GetCartByIdClient.ts":{"path":"/Users/capeljos/Work/commerce-cif-hybris/cif/carts/src/clients/GetCartByIdClient.ts","statementMap":{"0":{"start":{"line":18,"column":0},"end":{"line":18,"column":94}},"1":{"start":{"line":24,"column":4},"end":{"line":24,"column":17}},"2":{"start":{"line":32,"column":8},"end":{"line":32,"column":27}},"3":{"start":{"line":36,"column":8},"end":{"line":36,"column":29}},"4":{"start":{"line":38,"column":4},"end":{"line":40,"column":57}},"5":{"start":{"line":39,"column":23},"end":{"line":39,"column":61}},"6":{"start":{"line":40,"column":28},"end":{"line":40,"column":55}},"7":{"start":{"line":45,"column":4},"end":{"line":45,"column":40}},"8":{"start":{"line":46,"column":4},"end":{"line":46,"column":35}},"9":{"start":{"line":47,"column":4},"end":{"line":47,"column":19}},"10":{"start":{"line":21,"column":0},"end":{"line":21,"column":21}}},"fnMap":{"0":{"name":"(anonymous_0)","decl":{"start":{"line":23,"column":2},"end":{"line":23,"column":14}},"loc":{"start":{"line":23,"column":26},"end":{"line":25,"column":3}}},"1":{"name":"(anonymous_1)","decl":{"start":{"line":27,"column":2},"end":{"line":27,"column":6}},"loc":{"start":{"line":27,"column":6},"end":{"line":42,"column":3}}},"2":{"name":"(anonymous_2)","decl":{"start":{"line":39,"column":12},"end":{"line":39,"column":19}},"loc":{"start":{"line":39,"column":23},"end":{"line":39,"column":61}}},"3":{"name":"(anonymous_3)","decl":{"start":{"line":40,"column":13},"end":{"line":40,"column":24}},"loc":{"start":{"line":40,"column":28},"end":{"line":40,"column":55}}},"4":{"name":"(anonymous_4)","decl":{"start":{"line":44,"column":10},"end":{"line":44,"column":22}},"loc":{"start":{"line":44,"column":42},"end":{"line":48,"column":3}}}},"branchMap":{},"s":{"0":0,"1":0,"2":0,"3":0,"4":0,"5":0,"6":0,"7":0,"8":0,"9":0,"10":0},"f":{"0":0,"1":0,"2":0,"3":0,"4":0},"b":{}},"/Users/capeljos/Work/commerce-cif-hybris/cif/carts/src/clients/GetPaymentMethodsClient.ts":{"path":"/Users/capeljos/Work/commerce-cif-hybris/cif/carts/src/clients/GetPaymentMethodsClient.ts","statementMap":{"0":{"start":{"line":18,"column":0},"end":{"line":18,"column":92}},"1":{"start":{"line":24,"column":4},"end":{"line":24,"column":17}},"2":{"start":{"line":32,"column":8},"end":{"line":32,"column":27}},"3":{"start":{"line":34,"column":4},"end":{"line":36,"column":57}},"4":{"start":{"line":35,"column":27},"end":{"line":35,"column":38}},"5":{"start":{"line":36,"column":28},"end":{"line":36,"column":55}},"6":{"start":{"line":21,"column":0},"end":{"line":21,"column":21}}},"fnMap":{"0":{"name":"(anonymous_0)","decl":{"start":{"line":23,"column":2},"end":{"line":23,"column":14}},"loc":{"start":{"line":23,"column":26},"end":{"line":25,"column":3}}},"1":{"name":"(anonymous_1)","decl":{"start":{"line":27,"column":2},"end":{"line":27,"column":6}},"loc":{"start":{"line":27,"column":6},"end":{"line":37,"column":3}}},"2":{"name":"(anonymous_2)","decl":{"start":{"line":35,"column":12},"end":{"line":35,"column":23}},"loc":{"start":{"line":35,"column":27},"end":{"line":35,"column":38}}},"3":{"name":"(anonymous_3)","decl":{"start":{"line":36,"column":13},"end":{"line":36,"column":24}},"loc":{"start":{"line":36,"column":28},"end":{"line":36,"column":55}}}},"branchMap":{},"s":{"0":0,"1":0,"2":0,"3":0,"4":0,"5":0,"6":0},"f":{"0":0,"1":0,"2":0,"3":0},"b":{}},"/Users/capeljos/Work/commerce-cif-hybris/cif/carts/src/clients/GetShippingMethodsClient.ts":{"path":"/Users/capeljos/Work/commerce-cif-hybris/cif/carts/src/clients/GetShippingMethodsClient.ts","statementMap":{"0":{"start":{"line":18,"column":0},"end":{"line":18,"column":90}},"1":{"start":{"line":24,"column":4},"end":{"line":24,"column":17}},"2":{"start":{"line":32,"column":8},"end":{"line":32,"column":27}},"3":{"start":{"line":36,"column":8},"end":{"line":36,"column":29}},"4":{"start":{"line":38,"column":4},"end":{"line":40,"column":57}},"5":{"start":{"line":39,"column":33},"end":{"line":39,"column":50}},"6":{"start":{"line":40,"column":28},"end":{"line":40,"column":55}},"7":{"start":{"line":21,"column":0},"end":{"line":21,"column":21}}},"fnMap":{"0":{"name":"(anonymous_0)","decl":{"start":{"line":23,"column":2},"end":{"line":23,"column":14}},"loc":{"start":{"line":23,"column":26},"end":{"line":25,"column":3}}},"1":{"name":"(anonymous_1)","decl":{"start":{"line":27,"column":2},"end":{"line":27,"column":6}},"loc":{"start":{"line":27,"column":6},"end":{"line":41,"column":3}}},"2":{"name":"(anonymous_2)","decl":{"start":{"line":39,"column":12},"end":{"line":39,"column":29}},"loc":{"start":{"line":39,"column":33},"end":{"line":39,"column":50}}},"3":{"name":"(anonymous_3)","decl":{"start":{"line":40,"column":13},"end":{"line":40,"column":24}},"loc":{"start":{"line":40,"column":28},"end":{"line":40,"column":55}}}},"branchMap":{},"s":{"0":0,"1":0,"2":0,"3":0,"4":0,"5":0,"6":0,"7":0},"f":{"0":0,"1":0,"2":0,"3":0},"b":{}},"/Users/capeljos/Work/commerce-cif-hybris/cif/carts/src/clients/PostBillingAddressClient.ts":{"path":"/Users/capeljos/Work/commerce-cif-hybris/cif/carts/src/clients/PostBillingAddressClient.ts","statementMap":{"0":{"start":{"line":18,"column":0},"end":{"line":18,"column":81}},"1":{"start":{"line":23,"column":4},"end":{"line":23,"column":17}},"2":{"start":{"line":31,"column":8},"end":{"line":31,"column":27}},"3":{"start":{"line":35,"column":8},"end":{"line":35,"column":29}},"4":{"start":{"line":37,"column":4},"end":{"line":37,"column":34}},"5":{"start":{"line":39,"column":4},"end":{"line":41,"column":57}},"6":{"start":{"line":40,"column":26},"end":{"line":40,"column":36}},"7":{"start":{"line":41,"column":28},"end":{"line":41,"column":55}},"8":{"start":{"line":20,"column":0},"end":{"line":20,"column":21}}},"fnMap":{"0":{"name":"(anonymous_0)","decl":{"start":{"line":22,"column":2},"end":{"line":22,"column":14}},"loc":{"start":{"line":22,"column":26},"end":{"line":24,"column":3}}},"1":{"name":"(anonymous_1)","decl":{"start":{"line":26,"column":2},"end":{"line":26,"column":6}},"loc":{"start":{"line":26,"column":6},"end":{"line":43,"column":3}}},"2":{"name":"(anonymous_2)","decl":{"start":{"line":40,"column":12},"end":{"line":40,"column":22}},"loc":{"start":{"line":40,"column":26},"end":{"line":40,"column":36}}},"3":{"name":"(anonymous_3)","decl":{"start":{"line":41,"column":13},"end":{"line":41,"column":24}},"loc":{"start":{"line":41,"column":28},"end":{"line":41,"column":55}}}},"branchMap":{},"s":{"0":0,"1":0,"2":0,"3":0,"4":0,"5":0,"6":0,"7":0,"8":0},"f":{"0":0,"1":0,"2":0,"3":0},"b":{}},"/Users/capeljos/Work/commerce-cif-hybris/cif/carts/src/clients/PostCartClient.ts":{"path":"/Users/capeljos/Work/commerce-cif-hybris/cif/carts/src/clients/PostCartClient.ts","statementMap":{"0":{"start":{"line":18,"column":0},"end":{"line":18,"column":95}},"1":{"start":{"line":20,"column":0},"end":{"line":20,"column":57}},"2":{"start":{"line":25,"column":4},"end":{"line":25,"column":17}},"3":{"start":{"line":33,"column":8},"end":{"line":33,"column":27}},"4":{"start":{"line":37,"column":8},"end":{"line":37,"column":29}},"5":{"start":{"line":39,"column":4},"end":{"line":41,"column":57}},"6":{"start":{"line":40,"column":23},"end":{"line":40,"column":49}},"7":{"start":{"line":41,"column":28},"end":{"line":41,"column":55}},"8":{"start":{"line":47,"column":4},"end":{"line":47,"column":133}},"9":{"start":{"line":52,"column":8},"end":{"line":52,"column":29}},"10":{"start":{"line":55,"column":42},"end":{"line":55,"column":128}},"11":{"start":{"line":56,"column":6},"end":{"line":56,"column":47}},"12":{"start":{"line":59,"column":4},"end":{"line":59,"column":19}},"13":{"start":{"line":22,"column":0},"end":{"line":22,"column":21}}},"fnMap":{"0":{"name":"(anonymous_1)","decl":{"start":{"line":24,"column":2},"end":{"line":24,"column":14}},"loc":{"start":{"line":24,"column":26},"end":{"line":26,"column":3}}},"1":{"name":"(anonymous_2)","decl":{"start":{"line":28,"column":2},"end":{"line":28,"column":6}},"loc":{"start":{"line":28,"column":6},"end":{"line":43,"column":3}}},"2":{"name":"(anonymous_3)","decl":{"start":{"line":40,"column":12},"end":{"line":40,"column":19}},"loc":{"start":{"line":40,"column":23},"end":{"line":40,"column":49}}},"3":{"name":"(anonymous_4)","decl":{"start":{"line":41,"column":13},"end":{"line":41,"column":24}},"loc":{"start":{"line":41,"column":28},"end":{"line":41,"column":55}}},"4":{"name":"(anonymous_5)","decl":{"start":{"line":45,"column":10},"end":{"line":45,"column":22}},"loc":{"start":{"line":45,"column":41},"end":{"line":61,"column":3}}}},"branchMap":{"0":{"loc":{"start":{"line":47,"column":51},"end":{"line":47,"column":90}},"type":"cond-expr","locations":[{"start":{"line":47,"column":51},"end":{"line":47,"column":90}},{"start":{"line":47,"column":93},"end":{"line":47,"column":132}}]},"1":{"loc":{"start":{"line":50,"column":17},"end":{"line":50,"column":18}},"type":"default-arg","locations":[{"start":{"line":50,"column":17},"end":{"line":50,"column":18}}]}},"s":{"0":0,"1":0,"2":0,"3":0,"4":0,"5":0,"6":0,"7":0,"8":0,"9":0,"10":0,"11":0,"12":0,"13":0},"f":{"0":0,"1":0,"2":0,"3":0,"4":0},"b":{"0":[0,0],"1":[0]}},"/Users/capeljos/Work/commerce-cif-hybris/cif/carts/src/clients/PostCartEntryClient.ts":{"path":"/Users/capeljos/Work/commerce-cif-hybris/cif/carts/src/clients/PostCartEntryClient.ts","statementMap":{"0":{"start":{"line":18,"column":0},"end":{"line":18,"column":90}},"1":{"start":{"line":24,"column":4},"end":{"line":24,"column":17}},"2":{"start":{"line":32,"column":8},"end":{"line":32,"column":27}},"3":{"start":{"line":37,"column":8},"end":{"line":37,"column":29}},"4":{"start":{"line":40,"column":6},"end":{"line":42,"column":59}},"5":{"start":{"line":41,"column":34},"end":{"line":41,"column":50}},"6":{"start":{"line":42,"column":30},"end":{"line":42,"column":57}},"7":{"start":{"line":45,"column":4},"end":{"line":45,"column":56}},"8":{"start":{"line":21,"column":0},"end":{"line":21,"column":21}}},"fnMap":{"0":{"name":"(anonymous_0)","decl":{"start":{"line":23,"column":2},"end":{"line":23,"column":14}},"loc":{"start":{"line":23,"column":26},"end":{"line":25,"column":3}}},"1":{"name":"(anonymous_1)","decl":{"start":{"line":27,"column":2},"end":{"line":27,"column":6}},"loc":{"start":{"line":27,"column":6},"end":{"line":46,"column":3}}},"2":{"name":"(anonymous_2)","decl":{"start":{"line":41,"column":14},"end":{"line":41,"column":30}},"loc":{"start":{"line":41,"column":34},"end":{"line":41,"column":50}}},"3":{"name":"(anonymous_3)","decl":{"start":{"line":42,"column":15},"end":{"line":42,"column":26}},"loc":{"start":{"line":42,"column":30},"end":{"line":42,"column":57}}}},"branchMap":{},"s":{"0":0,"1":0,"2":0,"3":0,"4":0,"5":0,"6":0,"7":0,"8":0},"f":{"0":0,"1":0,"2":0,"3":0},"b":{}},"/Users/capeljos/Work/commerce-cif-hybris/cif/carts/src/clients/PostCouponClient.ts":{"path":"/Users/capeljos/Work/commerce-cif-hybris/cif/carts/src/clients/PostCouponClient.ts","statementMap":{"0":{"start":{"line":18,"column":0},"end":{"line":18,"column":81}},"1":{"start":{"line":23,"column":4},"end":{"line":23,"column":17}},"2":{"start":{"line":31,"column":8},"end":{"line":31,"column":27}},"3":{"start":{"line":36,"column":8},"end":{"line":36,"column":29}},"4":{"start":{"line":38,"column":4},"end":{"line":40,"column":57}},"5":{"start":{"line":39,"column":25},"end":{"line":39,"column":34}},"6":{"start":{"line":40,"column":28},"end":{"line":40,"column":55}},"7":{"start":{"line":20,"column":0},"end":{"line":20,"column":21}}},"fnMap":{"0":{"name":"(anonymous_0)","decl":{"start":{"line":22,"column":2},"end":{"line":22,"column":14}},"loc":{"start":{"line":22,"column":26},"end":{"line":24,"column":3}}},"1":{"name":"(anonymous_1)","decl":{"start":{"line":26,"column":2},"end":{"line":26,"column":6}},"loc":{"start":{"line":26,"column":6},"end":{"line":41,"column":3}}},"2":{"name":"(anonymous_2)","decl":{"start":{"line":39,"column":12},"end":{"line":39,"column":21}},"loc":{"start":{"line":39,"column":25},"end":{"line":39,"column":34}}},"3":{"name":"(anonymous_3)","decl":{"start":{"line":40,"column":13},"end":{"line":40,"column":24}},"loc":{"start":{"line":40,"column":28},"end":{"line":40,"column":55}}}},"branchMap":{},"s":{"0":0,"1":0,"2":0,"3":0,"4":0,"5":0,"6":0,"7":0},"f":{"0":0,"1":0,"2":0,"3":0},"b":{}},"/Users/capeljos/Work/commerce-cif-hybris/cif/carts/src/clients/PostPaymentClient.ts":{"path":"/Users/capeljos/Work/commerce-cif-hybris/cif/carts/src/clients/PostPaymentClient.ts","statementMap":{"0":{"start":{"line":18,"column":0},"end":{"line":18,"column":120}},"1":{"start":{"line":23,"column":4},"end":{"line":23,"column":17}},"2":{"start":{"line":31,"column":8},"end":{"line":31,"column":27}},"3":{"start":{"line":36,"column":8},"end":{"line":36,"column":29}},"4":{"start":{"line":38,"column":4},"end":{"line":38,"column":82}},"5":{"start":{"line":40,"column":4},"end":{"line":42,"column":57}},"6":{"start":{"line":41,"column":26},"end":{"line":41,"column":36}},"7":{"start":{"line":42,"column":28},"end":{"line":42,"column":55}},"8":{"start":{"line":50,"column":8},"end":{"line":50,"column":27}},"9":{"start":{"line":52,"column":4},"end":{"line":52,"column":109}},"10":{"start":{"line":56,"column":4},"end":{"line":57,"column":55}},"11":{"start":{"line":57,"column":23},"end":{"line":57,"column":53}},"12":{"start":{"line":61,"column":4},"end":{"line":61,"column":43}},"13":{"start":{"line":20,"column":0},"end":{"line":20,"column":21}}},"fnMap":{"0":{"name":"(anonymous_6)","decl":{"start":{"line":22,"column":2},"end":{"line":22,"column":14}},"loc":{"start":{"line":22,"column":26},"end":{"line":24,"column":3}}},"1":{"name":"(anonymous_9)","decl":{"start":{"line":41,"column":12},"end":{"line":41,"column":22}},"loc":{"start":{"line":41,"column":26},"end":{"line":41,"column":36}}},"2":{"name":"(anonymous_10)","decl":{"start":{"line":42,"column":13},"end":{"line":42,"column":24}},"loc":{"start":{"line":42,"column":28},"end":{"line":42,"column":55}}},"3":{"name":"(anonymous_13)","decl":{"start":{"line":55,"column":10},"end":{"line":55,"column":27}},"loc":{"start":{"line":55,"column":58},"end":{"line":58,"column":3}}},"4":{"name":"(anonymous_14)","decl":{"start":{"line":57,"column":12},"end":{"line":57,"column":19}},"loc":{"start":{"line":57,"column":23},"end":{"line":57,"column":53}}},"5":{"name":"(anonymous_15)","decl":{"start":{"line":60,"column":10},"end":{"line":60,"column":26}},"loc":{"start":{"line":60,"column":34},"end":{"line":62,"column":3}}}},"branchMap":{},"s":{"0":0,"1":0,"2":0,"3":0,"4":0,"5":0,"6":0,"7":0,"8":0,"9":0,"10":0,"11":0,"12":0,"13":0},"f":{"0":0,"1":0,"2":0,"3":0,"4":0,"5":0},"b":{}},"/Users/capeljos/Work/commerce-cif-hybris/cif/carts/src/clients/PostShippingAddressClient.ts":{"path":"/Users/capeljos/Work/commerce-cif-hybris/cif/carts/src/clients/PostShippingAddressClient.ts","statementMap":{"0":{"start":{"line":18,"column":0},"end":{"line":18,"column":81}},"1":{"start":{"line":23,"column":4},"end":{"line":23,"column":17}},"2":{"start":{"line":31,"column":8},"end":{"line":31,"column":27}},"3":{"start":{"line":36,"column":8},"end":{"line":36,"column":29}},"4":{"start":{"line":38,"column":4},"end":{"line":38,"column":35}},"5":{"start":{"line":40,"column":4},"end":{"line":42,"column":57}},"6":{"start":{"line":41,"column":26},"end":{"line":41,"column":36}},"7":{"start":{"line":42,"column":28},"end":{"line":42,"column":55}},"8":{"start":{"line":20,"column":0},"end":{"line":20,"column":21}}},"fnMap":{"0":{"name":"(anonymous_0)","decl":{"start":{"line":22,"column":2},"end":{"line":22,"column":14}},"loc":{"start":{"line":22,"column":26},"end":{"line":24,"column":3}}},"1":{"name":"(anonymous_1)","decl":{"start":{"line":26,"column":2},"end":{"line":26,"column":6}},"loc":{"start":{"line":26,"column":6},"end":{"line":44,"column":3}}},"2":{"name":"(anonymous_2)","decl":{"start":{"line":41,"column":12},"end":{"line":41,"column":22}},"loc":{"start":{"line":41,"column":26},"end":{"line":41,"column":36}}},"3":{"name":"(anonymous_3)","decl":{"start":{"line":42,"column":13},"end":{"line":42,"column":24}},"loc":{"start":{"line":42,"column":28},"end":{"line":42,"column":55}}}},"branchMap":{},"s":{"0":0,"1":0,"2":0,"3":0,"4":0,"5":0,"6":0,"7":0,"8":0},"f":{"0":0,"1":0,"2":0,"3":0},"b":{}},"/Users/capeljos/Work/commerce-cif-hybris/cif/carts/src/clients/PostShippingMethodClient.ts":{"path":"/Users/capeljos/Work/commerce-cif-hybris/cif/carts/src/clients/PostShippingMethodClient.ts","statementMap":{"0":{"start":{"line":18,"column":0},"end":{"line":18,"column":81}},"1":{"start":{"line":24,"column":4},"end":{"line":24,"column":17}},"2":{"start":{"line":32,"column":8},"end":{"line":32,"column":27}},"3":{"start":{"line":37,"column":8},"end":{"line":37,"column":29}},"4":{"start":{"line":39,"column":4},"end":{"line":41,"column":57}},"5":{"start":{"line":40,"column":18},"end":{"line":40,"column":27}},"6":{"start":{"line":41,"column":28},"end":{"line":41,"column":55}},"7":{"start":{"line":21,"column":0},"end":{"line":21,"column":21}}},"fnMap":{"0":{"name":"(anonymous_0)","decl":{"start":{"line":23,"column":2},"end":{"line":23,"column":14}},"loc":{"start":{"line":23,"column":26},"end":{"line":25,"column":3}}},"1":{"name":"(anonymous_1)","decl":{"start":{"line":27,"column":2},"end":{"line":27,"column":6}},"loc":{"start":{"line":27,"column":6},"end":{"line":43,"column":3}}},"2":{"name":"(anonymous_2)","decl":{"start":{"line":40,"column":12},"end":{"line":40,"column":15}},"loc":{"start":{"line":40,"column":18},"end":{"line":40,"column":27}}},"3":{"name":"(anonymous_3)","decl":{"start":{"line":41,"column":13},"end":{"line":41,"column":24}},"loc":{"start":{"line":41,"column":28},"end":{"line":41,"column":55}}}},"branchMap":{},"s":{"0":0,"1":0,"2":0,"3":0,"4":0,"5":0,"6":0,"7":0},"f":{"0":0,"1":0,"2":0,"3":0},"b":{}},"/Users/capeljos/Work/commerce-cif-hybris/cif/carts/src/clients/PutCartEntryClient.ts":{"path":"/Users/capeljos/Work/commerce-cif-hybris/cif/carts/src/clients/PutCartEntryClient.ts","statementMap":{"0":{"start":{"line":18,"column":0},"end":{"line":18,"column":90}},"1":{"start":{"line":24,"column":4},"end":{"line":24,"column":17}},"2":{"start":{"line":32,"column":8},"end":{"line":32,"column":27}},"3":{"start":{"line":38,"column":8},"end":{"line":38,"column":29}},"4":{"start":{"line":40,"column":4},"end":{"line":42,"column":57}},"5":{"start":{"line":41,"column":32},"end":{"line":41,"column":48}},"6":{"start":{"line":42,"column":28},"end":{"line":42,"column":55}},"7":{"start":{"line":21,"column":0},"end":{"line":21,"column":21}}},"fnMap":{"0":{"name":"(anonymous_0)","decl":{"start":{"line":23,"column":2},"end":{"line":23,"column":14}},"loc":{"start":{"line":23,"column":26},"end":{"line":25,"column":3}}},"1":{"name":"(anonymous_1)","decl":{"start":{"line":27,"column":2},"end":{"line":27,"column":6}},"loc":{"start":{"line":27,"column":6},"end":{"line":43,"column":3}}},"2":{"name":"(anonymous_2)","decl":{"start":{"line":41,"column":12},"end":{"line":41,"column":28}},"loc":{"start":{"line":41,"column":32},"end":{"line":41,"column":48}}},"3":{"name":"(anonymous_3)","decl":{"start":{"line":42,"column":13},"end":{"line":42,"column":24}},"loc":{"start":{"line":42,"column":28},"end":{"line":42,"column":55}}}},"branchMap":{},"s":{"0":0,"1":0,"2":0,"3":0,"4":0,"5":0,"6":0,"7":0},"f":{"0":0,"1":0,"2":0,"3":0},"b":{}},"/Users/capeljos/Work/commerce-cif-hybris/cif/carts/src/mappers/AddressMapper.ts":{"path":"/Users/capeljos/Work/commerce-cif-hybris/cif/carts/src/mappers/AddressMapper.ts","statementMap":{"0":{"start":{"line":17,"column":0},"end":{"line":17,"column":75}},"1":{"start":{"line":18,"column":0},"end":{"line":18,"column":52}},"2":{"start":{"line":19,"column":0},"end":{"line":19,"column":96}},"3":{"start":{"line":24,"column":4},"end":{"line":24,"column":20}},"4":{"start":{"line":48,"column":8},"end":{"line":48,"column":14}},"5":{"start":{"line":50,"column":34},"end":{"line":50,"column":52}},"6":{"start":{"line":52,"column":4},"end":{"line":52,"column":43}},"7":{"start":{"line":53,"column":4},"end":{"line":53,"column":41}},"8":{"start":{"line":54,"column":4},"end":{"line":54,"column":38}},"9":{"start":{"line":55,"column":4},"end":{"line":55,"column":26}},"10":{"start":{"line":56,"column":4},"end":{"line":56,"column":34}},"11":{"start":{"line":57,"column":4},"end":{"line":57,"column":20}},"12":{"start":{"line":58,"column":4},"end":{"line":58,"column":32}},"13":{"start":{"line":59,"column":4},"end":{"line":59,"column":31}},"14":{"start":{"line":60,"column":4},"end":{"line":60,"column":33}},"15":{"start":{"line":61,"column":4},"end":{"line":61,"column":26}},"16":{"start":{"line":62,"column":4},"end":{"line":62,"column":36}},"17":{"start":{"line":64,"column":6},"end":{"line":64,"column":41}},"18":{"start":{"line":65,"column":6},"end":{"line":65,"column":42}},"19":{"start":{"line":66,"column":6},"end":{"line":66,"column":38}},"20":{"start":{"line":68,"column":4},"end":{"line":68,"column":31}},"21":{"start":{"line":69,"column":4},"end":{"line":69,"column":30}},"22":{"start":{"line":70,"column":4},"end":{"line":70,"column":24}},"23":{"start":{"line":72,"column":4},"end":{"line":72,"column":35}},"24":{"start":{"line":74,"column":4},"end":{"line":74,"column":19}},"25":{"start":{"line":95,"column":8},"end":{"line":95,"column":11}},"26":{"start":{"line":97,"column":20},"end":{"line":105,"column":14}},"27":{"start":{"line":107,"column":4},"end":{"line":107,"column":33}},"28":{"start":{"line":108,"column":4},"end":{"line":108,"column":31}},"29":{"start":{"line":109,"column":4},"end":{"line":109,"column":30}},"30":{"start":{"line":110,"column":4},"end":{"line":110,"column":26}},"31":{"start":{"line":111,"column":4},"end":{"line":111,"column":26}},"32":{"start":{"line":112,"column":4},"end":{"line":112,"column":43}},"33":{"start":{"line":113,"column":4},"end":{"line":113,"column":36}},"34":{"start":{"line":115,"column":4},"end":{"line":115,"column":19}},"35":{"start":{"line":21,"column":0},"end":{"line":21,"column":21}}},"fnMap":{"0":{"name":"(anonymous_0)","decl":{"start":{"line":23,"column":2},"end":{"line":23,"column":14}},"loc":{"start":{"line":23,"column":37},"end":{"line":25,"column":3}}},"1":{"name":"(anonymous_1)","decl":{"start":{"line":31,"column":2},"end":{"line":31,"column":15}},"loc":{"start":{"line":31,"column":56},"end":{"line":76,"column":3}}},"2":{"name":"(anonymous_2)","decl":{"start":{"line":78,"column":2},"end":{"line":78,"column":13}},"loc":{"start":{"line":78,"column":40},"end":{"line":116,"column":3}}}},"branchMap":{"0":{"loc":{"start":{"line":35,"column":14},"end":{"line":35,"column":18}},"type":"default-arg","locations":[{"start":{"line":35,"column":14},"end":{"line":35,"column":18}}]},"1":{"loc":{"start":{"line":82,"column":16},"end":{"line":82,"column":34}},"type":"default-arg","locations":[{"start":{"line":82,"column":16},"end":{"line":82,"column":34}}]},"2":{"loc":{"start":{"line":91,"column":15},"end":{"line":91,"column":32}},"type":"default-arg","locations":[{"start":{"line":91,"column":15},"end":{"line":91,"column":32}}]}},"s":{"0":0,"1":0,"2":0,"3":0,"4":0,"5":0,"6":0,"7":0,"8":0,"9":0,"10":0,"11":0,"12":0,"13":0,"14":0,"15":0,"16":0,"17":0,"18":0,"19":0,"20":0,"21":0,"22":0,"23":0,"24":0,"25":0,"26":0,"27":0,"28":0,"29":0,"30":0,"31":0,"32":0,"33":0,"34":0,"35":0},"f":{"0":0,"1":0,"2":0},"b":{"0":[0],"1":[0],"2":[0]}},"/Users/capeljos/Work/commerce-cif-hybris/cif/carts/src/mappers/AddressWrapperMapper.ts":{"path":"/Users/capeljos/Work/commerce-cif-hybris/cif/carts/src/mappers/AddressWrapperMapper.ts","statementMap":{"0":{"start":{"line":17,"column":0},"end":{"line":17,"column":75}},"1":{"start":{"line":20,"column":0},"end":{"line":20,"column":44}},"2":{"start":{"line":25,"column":4},"end":{"line":25,"column":20}},"3":{"start":{"line":33,"column":8},"end":{"line":33,"column":16}},"4":{"start":{"line":35,"column":4},"end":{"line":35,"column":56}},"5":{"start":{"line":39,"column":4},"end":{"line":39,"column":66}},"6":{"start":{"line":22,"column":0},"end":{"line":22,"column":21}}},"fnMap":{"0":{"name":"(anonymous_1)","decl":{"start":{"line":24,"column":2},"end":{"line":24,"column":14}},"loc":{"start":{"line":24,"column":37},"end":{"line":26,"column":3}}},"1":{"name":"(anonymous_2)","decl":{"start":{"line":28,"column":2},"end":{"line":28,"column":36}},"loc":{"start":{"line":28,"column":50},"end":{"line":36,"column":3}}},"2":{"name":"(anonymous_3)","decl":{"start":{"line":38,"column":2},"end":{"line":38,"column":15}},"loc":{"start":{"line":38,"column":63},"end":{"line":40,"column":3}}}},"branchMap":{},"s":{"0":0,"1":0,"2":0,"3":0,"4":0,"5":0,"6":0},"f":{"0":0,"1":0,"2":0},"b":{}},"/Users/capeljos/Work/commerce-cif-hybris/cif/carts/src/mappers/CartEntryMapper.ts":{"path":"/Users/capeljos/Work/commerce-cif-hybris/cif/carts/src/mappers/CartEntryMapper.ts","statementMap":{"0":{"start":{"line":17,"column":0},"end":{"line":17,"column":75}},"1":{"start":{"line":18,"column":0},"end":{"line":18,"column":54}},"2":{"start":{"line":19,"column":0},"end":{"line":19,"column":86}},"3":{"start":{"line":20,"column":0},"end":{"line":20,"column":99}},"4":{"start":{"line":21,"column":0},"end":{"line":21,"column":93}},"5":{"start":{"line":26,"column":4},"end":{"line":26,"column":20}},"6":{"start":{"line":35,"column":8},"end":{"line":35,"column":16}},"7":{"start":{"line":37,"column":23},"end":{"line":41,"column":6}},"8":{"start":{"line":43,"column":4},"end":{"line":47,"column":6}},"9":{"start":{"line":51,"column":41},"end":{"line":51,"column":62}},"10":{"start":{"line":52,"column":34},"end":{"line":52,"column":52}},"11":{"start":{"line":53,"column":4},"end":{"line":53,"column":43}},"12":{"start":{"line":54,"column":4},"end":{"line":54,"column":33}},"13":{"start":{"line":55,"column":4},"end":{"line":55,"column":42}},"14":{"start":{"line":56,"column":4},"end":{"line":56,"column":48}},"15":{"start":{"line":58,"column":4},"end":{"line":58,"column":22}},"16":{"start":{"line":69,"column":8},"end":{"line":69,"column":11}},"17":{"start":{"line":71,"column":29},"end":{"line":71,"column":64}},"18":{"start":{"line":73,"column":22},"end":{"line":80,"column":14}},"19":{"start":{"line":82,"column":4},"end":{"line":82,"column":21}},"20":{"start":{"line":86,"column":27},"end":{"line":86,"column":80}},"21":{"start":{"line":87,"column":25},"end":{"line":87,"column":39}},"22":{"start":{"line":89,"column":6},"end":{"line":89,"column":89}},"23":{"start":{"line":91,"column":4},"end":{"line":91,"column":40}},"24":{"start":{"line":92,"column":4},"end":{"line":92,"column":43}},"25":{"start":{"line":93,"column":4},"end":{"line":93,"column":26}},"26":{"start":{"line":23,"column":0},"end":{"line":23,"column":21}}},"fnMap":{"0":{"name":"(anonymous_1)","decl":{"start":{"line":25,"column":2},"end":{"line":25,"column":14}},"loc":{"start":{"line":25,"column":37},"end":{"line":27,"column":3}}},"1":{"name":"(anonymous_2)","decl":{"start":{"line":29,"column":2},"end":{"line":29,"column":36}},"loc":{"start":{"line":29,"column":50},"end":{"line":48,"column":3}}},"2":{"name":"(anonymous_3)","decl":{"start":{"line":50,"column":2},"end":{"line":50,"column":15}},"loc":{"start":{"line":50,"column":50},"end":{"line":59,"column":3}}},"3":{"name":"(anonymous_4)","decl":{"start":{"line":61,"column":2},"end":{"line":61,"column":13}},"loc":{"start":{"line":61,"column":43},"end":{"line":83,"column":3}}},"4":{"name":"(anonymous_5)","decl":{"start":{"line":85,"column":2},"end":{"line":85,"column":19}},"loc":{"start":{"line":85,"column":41},"end":{"line":94,"column":3}}}},"branchMap":{},"s":{"0":0,"1":0,"2":0,"3":0,"4":0,"5":0,"6":0,"7":0,"8":0,"9":0,"10":0,"11":0,"12":0,"13":0,"14":0,"15":0,"16":0,"17":0,"18":0,"19":0,"20":0,"21":0,"22":0,"23":0,"24":0,"25":0,"26":0},"f":{"0":0,"1":0,"2":0,"3":0,"4":0},"b":{}},"/Users/capeljos/Work/commerce-cif-hybris/cif/carts/src/mappers/CartMapper.ts":{"path":"/Users/capeljos/Work/commerce-cif-hybris/cif/carts/src/mappers/CartMapper.ts","statementMap":{"0":{"start":{"line":17,"column":0},"end":{"line":17,"column":80}},"1":{"start":{"line":18,"column":0},"end":{"line":18,"column":58}},"2":{"start":{"line":20,"column":0},"end":{"line":20,"column":48}},"3":{"start":{"line":21,"column":0},"end":{"line":21,"column":44}},"4":{"start":{"line":22,"column":0},"end":{"line":22,"column":54}},"5":{"start":{"line":23,"column":0},"end":{"line":23,"column":44}},"6":{"start":{"line":24,"column":0},"end":{"line":24,"column":50}},"7":{"start":{"line":25,"column":0},"end":{"line":25,"column":99}},"8":{"start":{"line":30,"column":4},"end":{"line":30,"column":20}},"9":{"start":{"line":40,"column":8},"end":{"line":40,"column":16}},"10":{"start":{"line":42,"column":4},"end":{"line":42,"column":62}},"11":{"start":{"line":63,"column":8},"end":{"line":63,"column":11}},"12":{"start":{"line":65,"column":15},"end":{"line":65,"column":52}},"13":{"start":{"line":67,"column":29},"end":{"line":67,"column":64}},"14":{"start":{"line":69,"column":17},"end":{"line":74,"column":14}},"15":{"start":{"line":71,"column":40},"end":{"line":71,"column":93}},"16":{"start":{"line":77,"column":6},"end":{"line":77,"column":77}},"17":{"start":{"line":81,"column":6},"end":{"line":81,"column":68}},"18":{"start":{"line":85,"column":6},"end":{"line":87,"column":17}},"19":{"start":{"line":91,"column":6},"end":{"line":91,"column":91}},"20":{"start":{"line":95,"column":6},"end":{"line":95,"column":90}},"21":{"start":{"line":99,"column":6},"end":{"line":99,"column":25}},"22":{"start":{"line":100,"column":6},"end":{"line":100,"column":84}},"23":{"start":{"line":101,"column":6},"end":{"line":101,"column":101}},"24":{"start":{"line":105,"column":6},"end":{"line":105,"column":100}},"25":{"start":{"line":108,"column":4},"end":{"line":108,"column":16}},"26":{"start":{"line":27,"column":0},"end":{"line":27,"column":21}}},"fnMap":{"0":{"name":"(anonymous_1)","decl":{"start":{"line":29,"column":2},"end":{"line":29,"column":14}},"loc":{"start":{"line":29,"column":37},"end":{"line":31,"column":3}}},"1":{"name":"(anonymous_2)","decl":{"start":{"line":33,"column":2},"end":{"line":33,"column":36}},"loc":{"start":{"line":33,"column":50},"end":{"line":43,"column":3}}},"2":{"name":"(anonymous_3)","decl":{"start":{"line":49,"column":2},"end":{"line":49,"column":13}},"loc":{"start":{"line":49,"column":43},"end":{"line":109,"column":3}}},"3":{"name":"(anonymous_4)","decl":{"start":{"line":71,"column":31},"end":{"line":71,"column":36}},"loc":{"start":{"line":71,"column":40},"end":{"line":71,"column":93}}}},"branchMap":{"0":{"loc":{"start":{"line":55,"column":16},"end":{"line":55,"column":18}},"type":"default-arg","locations":[{"start":{"line":55,"column":16},"end":{"line":55,"column":18}}]},"1":{"loc":{"start":{"line":65,"column":41},"end":{"line":65,"column":45}},"type":"cond-expr","locations":[{"start":{"line":65,"column":41},"end":{"line":65,"column":45}},{"start":{"line":65,"column":48},"end":{"line":65,"column":52}}]}},"s":{"0":0,"1":0,"2":0,"3":0,"4":0,"5":0,"6":0,"7":0,"8":0,"9":0,"10":0,"11":0,"12":0,"13":0,"14":0,"15":0,"16":0,"17":0,"18":0,"19":0,"20":0,"21":0,"22":0,"23":0,"24":0,"25":0,"26":0},"f":{"0":0,"1":0,"2":0,"3":0},"b":{"0":[0],"1":[0,0]}},"/Users/capeljos/Work/commerce-cif-hybris/cif/carts/src/mappers/CartModificationMapper.ts":{"path":"/Users/capeljos/Work/commerce-cif-hybris/cif/carts/src/mappers/CartModificationMapper.ts","statementMap":{"0":{"start":{"line":1,"column":0},"end":{"line":1,"column":75}},"1":{"start":{"line":6,"column":4},"end":{"line":6,"column":20}},"2":{"start":{"line":20,"column":59},"end":{"line":20,"column":62}},"3":{"start":{"line":21,"column":24},"end":{"line":21,"column":63}},"4":{"start":{"line":23,"column":4},"end":{"line":30,"column":6}},"5":{"start":{"line":4,"column":0},"end":{"line":4,"column":21}}},"fnMap":{"0":{"name":"(anonymous_0)","decl":{"start":{"line":5,"column":2},"end":{"line":5,"column":14}},"loc":{"start":{"line":5,"column":37},"end":{"line":7,"column":3}}},"1":{"name":"(anonymous_1)","decl":{"start":{"line":19,"column":2},"end":{"line":19,"column":13}},"loc":{"start":{"line":19,"column":54},"end":{"line":31,"column":3}}}},"branchMap":{"0":{"loc":{"start":{"line":21,"column":24},"end":{"line":21,"column":29}},"type":"binary-expr","locations":[{"start":{"line":21,"column":24},"end":{"line":21,"column":29}},{"start":{"line":21,"column":33},"end":{"line":21,"column":50}},{"start":{"line":21,"column":54},"end":{"line":21,"column":63}}]}},"s":{"0":0,"1":0,"2":0,"3":0,"4":0,"5":0},"f":{"0":0,"1":0},"b":{"0":[0,0,0]}},"/Users/capeljos/Work/commerce-cif-hybris/cif/carts/src/mappers/CouponListMapper.ts":{"path":"/Users/capeljos/Work/commerce-cif-hybris/cif/carts/src/mappers/CouponListMapper.ts","statementMap":{"0":{"start":{"line":17,"column":0},"end":{"line":17,"column":80}},"1":{"start":{"line":20,"column":0},"end":{"line":20,"column":42}},"2":{"start":{"line":25,"column":4},"end":{"line":25,"column":20}},"3":{"start":{"line":38,"column":26},"end":{"line":38,"column":57}},"4":{"start":{"line":39,"column":4},"end":{"line":39,"column":74}},"5":{"start":{"line":39,"column":39},"end":{"line":39,"column":72}},"6":{"start":{"line":22,"column":0},"end":{"line":22,"column":21}}},"fnMap":{"0":{"name":"(anonymous_1)","decl":{"start":{"line":24,"column":2},"end":{"line":24,"column":14}},"loc":{"start":{"line":24,"column":37},"end":{"line":26,"column":3}}},"1":{"name":"(anonymous_2)","decl":{"start":{"line":37,"column":2},"end":{"line":37,"column":13}},"loc":{"start":{"line":37,"column":44},"end":{"line":40,"column":3}}},"2":{"name":"(anonymous_3)","decl":{"start":{"line":39,"column":28},"end":{"line":39,"column":35}},"loc":{"start":{"line":39,"column":39},"end":{"line":39,"column":72}}}},"branchMap":{},"s":{"0":0,"1":0,"2":0,"3":0,"4":0,"5":0,"6":0},"f":{"0":0,"1":0,"2":0},"b":{}},"/Users/capeljos/Work/commerce-cif-hybris/cif/carts/src/mappers/CouponMapper.ts":{"path":"/Users/capeljos/Work/commerce-cif-hybris/cif/carts/src/mappers/CouponMapper.ts","statementMap":{"0":{"start":{"line":17,"column":0},"end":{"line":17,"column":80}},"1":{"start":{"line":18,"column":0},"end":{"line":18,"column":51}},"2":{"start":{"line":24,"column":4},"end":{"line":24,"column":20}},"3":{"start":{"line":33,"column":8},"end":{"line":33,"column":16}},"4":{"start":{"line":35,"column":4},"end":{"line":35,"column":34}},"5":{"start":{"line":46,"column":8},"end":{"line":46,"column":11}},"6":{"start":{"line":47,"column":4},"end":{"line":50,"column":15}},"7":{"start":{"line":21,"column":0},"end":{"line":21,"column":21}}},"fnMap":{"0":{"name":"(anonymous_0)","decl":{"start":{"line":23,"column":2},"end":{"line":23,"column":14}},"loc":{"start":{"line":23,"column":37},"end":{"line":25,"column":3}}},"1":{"name":"(anonymous_1)","decl":{"start":{"line":27,"column":2},"end":{"line":27,"column":36}},"loc":{"start":{"line":27,"column":50},"end":{"line":36,"column":3}}},"2":{"name":"(anonymous_2)","decl":{"start":{"line":42,"column":2},"end":{"line":42,"column":13}},"loc":{"start":{"line":42,"column":40},"end":{"line":51,"column":3}}}},"branchMap":{},"s":{"0":0,"1":0,"2":0,"3":0,"4":0,"5":0,"6":0,"7":0},"f":{"0":0,"1":0,"2":0},"b":{}},"/Users/capeljos/Work/commerce-cif-hybris/cif/carts/src/mappers/PaymentMapper.ts":{"path":"/Users/capeljos/Work/commerce-cif-hybris/cif/carts/src/mappers/PaymentMapper.ts","statementMap":{"0":{"start":{"line":17,"column":0},"end":{"line":17,"column":52}},"1":{"start":{"line":18,"column":0},"end":{"line":18,"column":80}},"2":{"start":{"line":19,"column":0},"end":{"line":19,"column":91}},"3":{"start":{"line":24,"column":4},"end":{"line":24,"column":20}},"4":{"start":{"line":33,"column":8},"end":{"line":33,"column":16}},"5":{"start":{"line":35,"column":23},"end":{"line":35,"column":72}},"6":{"start":{"line":37,"column":4},"end":{"line":37,"column":50}},"7":{"start":{"line":42,"column":32},"end":{"line":42,"column":57}},"8":{"start":{"line":44,"column":4},"end":{"line":44,"column":54}},"9":{"start":{"line":45,"column":4},"end":{"line":45,"column":50}},"10":{"start":{"line":47,"column":4},"end":{"line":47,"column":31}},"11":{"start":{"line":54,"column":8},"end":{"line":54,"column":23}},"12":{"start":{"line":55,"column":4},"end":{"line":55,"column":71}},"13":{"start":{"line":59,"column":21},"end":{"line":59,"column":47}},"14":{"start":{"line":60,"column":4},"end":{"line":60,"column":44}},"15":{"start":{"line":62,"column":4},"end":{"line":62,"column":56}},"16":{"start":{"line":63,"column":4},"end":{"line":63,"column":43}},"17":{"start":{"line":64,"column":4},"end":{"line":64,"column":44}},"18":{"start":{"line":68,"column":21},"end":{"line":68,"column":40}},"19":{"start":{"line":69,"column":4},"end":{"line":69,"column":36}},"20":{"start":{"line":70,"column":4},"end":{"line":70,"column":34}},"21":{"start":{"line":71,"column":4},"end":{"line":71,"column":20}},"22":{"start":{"line":78,"column":8},"end":{"line":78,"column":11}},"23":{"start":{"line":83,"column":8},"end":{"line":83,"column":16}},"24":{"start":{"line":85,"column":4},"end":{"line":89,"column":15}},"25":{"start":{"line":21,"column":0},"end":{"line":21,"column":21}}},"fnMap":{"0":{"name":"(anonymous_0)","decl":{"start":{"line":23,"column":2},"end":{"line":23,"column":14}},"loc":{"start":{"line":23,"column":37},"end":{"line":25,"column":3}}},"1":{"name":"(anonymous_1)","decl":{"start":{"line":27,"column":2},"end":{"line":27,"column":36}},"loc":{"start":{"line":27,"column":50},"end":{"line":38,"column":3}}},"2":{"name":"(anonymous_2)","decl":{"start":{"line":40,"column":2},"end":{"line":40,"column":15}},"loc":{"start":{"line":40,"column":38},"end":{"line":48,"column":3}}},"3":{"name":"(anonymous_3)","decl":{"start":{"line":50,"column":10},"end":{"line":50,"column":25}},"loc":{"start":{"line":50,"column":53},"end":{"line":56,"column":3}}},"4":{"name":"(anonymous_4)","decl":{"start":{"line":58,"column":10},"end":{"line":58,"column":21}},"loc":{"start":{"line":58,"column":49},"end":{"line":65,"column":3}}},"5":{"name":"(anonymous_5)","decl":{"start":{"line":67,"column":10},"end":{"line":67,"column":23}},"loc":{"start":{"line":67,"column":30},"end":{"line":72,"column":3}}},"6":{"name":"(anonymous_6)","decl":{"start":{"line":74,"column":2},"end":{"line":74,"column":13}},"loc":{"start":{"line":74,"column":56},"end":{"line":90,"column":3}}}},"branchMap":{"0":{"loc":{"start":{"line":35,"column":33},"end":{"line":35,"column":60}},"type":"cond-expr","locations":[{"start":{"line":35,"column":33},"end":{"line":35,"column":60}},{"start":{"line":35,"column":63},"end":{"line":35,"column":72}}]},"1":{"loc":{"start":{"line":82,"column":13},"end":{"line":82,"column":17}},"type":"default-arg","locations":[{"start":{"line":82,"column":13},"end":{"line":82,"column":17}}]}},"s":{"0":0,"1":0,"2":0,"3":0,"4":0,"5":0,"6":0,"7":0,"8":0,"9":0,"10":0,"11":0,"12":0,"13":0,"14":0,"15":0,"16":0,"17":0,"18":0,"19":0,"20":0,"21":0,"22":0,"23":0,"24":0,"25":0},"f":{"0":0,"1":0,"2":0,"3":0,"4":0,"5":0,"6":0},"b":{"0":[0,0],"1":[0]}},"/Users/capeljos/Work/commerce-cif-hybris/cif/carts/src/mappers/PaymentMethodListMapper.ts":{"path":"/Users/capeljos/Work/commerce-cif-hybris/cif/carts/src/mappers/PaymentMethodListMapper.ts","statementMap":{"0":{"start":{"line":17,"column":0},"end":{"line":17,"column":80}},"1":{"start":{"line":20,"column":0},"end":{"line":20,"column":56}},"2":{"start":{"line":25,"column":4},"end":{"line":25,"column":20}},"3":{"start":{"line":38,"column":33},"end":{"line":38,"column":71}},"4":{"start":{"line":39,"column":4},"end":{"line":39,"column":81}},"5":{"start":{"line":39,"column":39},"end":{"line":39,"column":79}},"6":{"start":{"line":22,"column":0},"end":{"line":22,"column":21}}},"fnMap":{"0":{"name":"(anonymous_1)","decl":{"start":{"line":24,"column":2},"end":{"line":24,"column":14}},"loc":{"start":{"line":24,"column":37},"end":{"line":26,"column":3}}},"1":{"name":"(anonymous_2)","decl":{"start":{"line":37,"column":2},"end":{"line":37,"column":13}},"loc":{"start":{"line":37,"column":51},"end":{"line":40,"column":3}}},"2":{"name":"(anonymous_3)","decl":{"start":{"line":39,"column":28},"end":{"line":39,"column":35}},"loc":{"start":{"line":39,"column":39},"end":{"line":39,"column":79}}}},"branchMap":{},"s":{"0":0,"1":0,"2":0,"3":0,"4":0,"5":0,"6":0},"f":{"0":0,"1":0,"2":0},"b":{}},"/Users/capeljos/Work/commerce-cif-hybris/cif/carts/src/mappers/PaymentMethodMapper.ts":{"path":"/Users/capeljos/Work/commerce-cif-hybris/cif/carts/src/mappers/PaymentMethodMapper.ts","statementMap":{"0":{"start":{"line":17,"column":0},"end":{"line":17,"column":80}},"1":{"start":{"line":18,"column":0},"end":{"line":18,"column":58}},"2":{"start":{"line":24,"column":4},"end":{"line":24,"column":20}},"3":{"start":{"line":31,"column":8},"end":{"line":31,"column":16}},"4":{"start":{"line":33,"column":4},"end":{"line":33,"column":18}},"5":{"start":{"line":44,"column":8},"end":{"line":44,"column":11}},"6":{"start":{"line":46,"column":4},"end":{"line":49,"column":15}},"7":{"start":{"line":21,"column":0},"end":{"line":21,"column":21}}},"fnMap":{"0":{"name":"(anonymous_0)","decl":{"start":{"line":23,"column":2},"end":{"line":23,"column":14}},"loc":{"start":{"line":23,"column":37},"end":{"line":25,"column":3}}},"1":{"name":"(anonymous_1)","decl":{"start":{"line":27,"column":2},"end":{"line":27,"column":36}},"loc":{"start":{"line":27,"column":50},"end":{"line":34,"column":3}}},"2":{"name":"(anonymous_2)","decl":{"start":{"line":40,"column":2},"end":{"line":40,"column":13}},"loc":{"start":{"line":40,"column":47},"end":{"line":50,"column":3}}}},"branchMap":{},"s":{"0":0,"1":0,"2":0,"3":0,"4":0,"5":0,"6":0,"7":0},"f":{"0":0,"1":0,"2":0},"b":{}},"/Users/capeljos/Work/commerce-cif-hybris/cif/carts/src/mappers/ShippingInfoMapper.ts":{"path":"/Users/capeljos/Work/commerce-cif-hybris/cif/carts/src/mappers/ShippingInfoMapper.ts","statementMap":{"0":{"start":{"line":17,"column":0},"end":{"line":17,"column":75}},"1":{"start":{"line":18,"column":0},"end":{"line":18,"column":66}},"2":{"start":{"line":19,"column":0},"end":{"line":19,"column":86}},"3":{"start":{"line":20,"column":0},"end":{"line":20,"column":99}},"4":{"start":{"line":25,"column":4},"end":{"line":25,"column":20}},"5":{"start":{"line":33,"column":8},"end":{"line":33,"column":16}},"6":{"start":{"line":35,"column":4},"end":{"line":35,"column":34}},"7":{"start":{"line":48,"column":8},"end":{"line":48,"column":11}},"8":{"start":{"line":50,"column":29},"end":{"line":50,"column":64}},"9":{"start":{"line":51,"column":20},"end":{"line":53,"column":16}},"10":{"start":{"line":55,"column":4},"end":{"line":60,"column":15}},"11":{"start":{"line":22,"column":0},"end":{"line":22,"column":21}}},"fnMap":{"0":{"name":"(anonymous_1)","decl":{"start":{"line":24,"column":2},"end":{"line":24,"column":14}},"loc":{"start":{"line":24,"column":37},"end":{"line":26,"column":3}}},"1":{"name":"(anonymous_2)","decl":{"start":{"line":28,"column":2},"end":{"line":28,"column":36}},"loc":{"start":{"line":28,"column":50},"end":{"line":36,"column":3}}},"2":{"name":"(anonymous_3)","decl":{"start":{"line":42,"column":2},"end":{"line":42,"column":13}},"loc":{"start":{"line":42,"column":45},"end":{"line":61,"column":3}}}},"branchMap":{"0":{"loc":{"start":{"line":46,"column":21},"end":{"line":46,"column":37}},"type":"default-arg","locations":[{"start":{"line":46,"column":21},"end":{"line":46,"column":37}}]},"1":{"loc":{"start":{"line":57,"column":23},"end":{"line":57,"column":27}},"type":"cond-expr","locations":[{"start":{"line":57,"column":23},"end":{"line":57,"column":27}},{"start":{"line":57,"column":30},"end":{"line":57,"column":34}}]}},"s":{"0":0,"1":0,"2":0,"3":0,"4":0,"5":0,"6":0,"7":0,"8":0,"9":0,"10":0,"11":0},"f":{"0":0,"1":0,"2":0},"b":{"0":[0],"1":[0,0]}},"/Users/capeljos/Work/commerce-cif-hybris/cif/carts/src/mappers/ShippingMethodListMapper.ts":{"path":"/Users/capeljos/Work/commerce-cif-hybris/cif/carts/src/mappers/ShippingMethodListMapper.ts","statementMap":{"0":{"start":{"line":17,"column":0},"end":{"line":17,"column":80}},"1":{"start":{"line":20,"column":0},"end":{"line":20,"column":58}},"2":{"start":{"line":25,"column":4},"end":{"line":25,"column":20}},"3":{"start":{"line":32,"column":8},"end":{"line":32,"column":16}},"4":{"start":{"line":34,"column":4},"end":{"line":34,"column":18}},"5":{"start":{"line":42,"column":34},"end":{"line":42,"column":73}},"6":{"start":{"line":43,"column":4},"end":{"line":43,"column":97}},"7":{"start":{"line":43,"column":49},"end":{"line":43,"column":95}},"8":{"start":{"line":22,"column":0},"end":{"line":22,"column":21}}},"fnMap":{"0":{"name":"(anonymous_1)","decl":{"start":{"line":24,"column":2},"end":{"line":24,"column":14}},"loc":{"start":{"line":24,"column":37},"end":{"line":26,"column":3}}},"1":{"name":"(anonymous_2)","decl":{"start":{"line":28,"column":2},"end":{"line":28,"column":36}},"loc":{"start":{"line":28,"column":50},"end":{"line":35,"column":3}}},"2":{"name":"(anonymous_3)","decl":{"start":{"line":41,"column":2},"end":{"line":41,"column":13}},"loc":{"start":{"line":41,"column":49},"end":{"line":44,"column":3}}},"3":{"name":"(anonymous_4)","decl":{"start":{"line":43,"column":33},"end":{"line":43,"column":45}},"loc":{"start":{"line":43,"column":49},"end":{"line":43,"column":95}}}},"branchMap":{},"s":{"0":0,"1":0,"2":0,"3":0,"4":0,"5":0,"6":0,"7":0,"8":0},"f":{"0":0,"1":0,"2":0,"3":0},"b":{}},"/Users/capeljos/Work/commerce-cif-hybris/cif/carts/src/mappers/ShippingMethodMapper.ts":{"path":"/Users/capeljos/Work/commerce-cif-hybris/cif/carts/src/mappers/ShippingMethodMapper.ts","statementMap":{"0":{"start":{"line":17,"column":0},"end":{"line":17,"column":75}},"1":{"start":{"line":18,"column":0},"end":{"line":18,"column":59}},"2":{"start":{"line":19,"column":0},"end":{"line":19,"column":86}},"3":{"start":{"line":20,"column":0},"end":{"line":20,"column":99}},"4":{"start":{"line":25,"column":4},"end":{"line":25,"column":20}},"5":{"start":{"line":42,"column":8},"end":{"line":42,"column":11}},"6":{"start":{"line":44,"column":4},"end":{"line":48,"column":15}},"7":{"start":{"line":22,"column":0},"end":{"line":22,"column":21}}},"fnMap":{"0":{"name":"(anonymous_1)","decl":{"start":{"line":24,"column":2},"end":{"line":24,"column":14}},"loc":{"start":{"line":24,"column":37},"end":{"line":26,"column":3}}},"1":{"name":"(anonymous_2)","decl":{"start":{"line":36,"column":2},"end":{"line":36,"column":13}},"loc":{"start":{"line":36,"column":45},"end":{"line":49,"column":3}}}},"branchMap":{"0":{"loc":{"start":{"line":40,"column":21},"end":{"line":40,"column":37}},"type":"default-arg","locations":[{"start":{"line":40,"column":21},"end":{"line":40,"column":37}}]},"1":{"loc":{"start":{"line":46,"column":23},"end":{"line":46,"column":27}},"type":"cond-expr","locations":[{"start":{"line":46,"column":23},"end":{"line":46,"column":27}},{"start":{"line":46,"column":30},"end":{"line":46,"column":34}}]}},"s":{"0":0,"1":0,"2":0,"3":0,"4":0,"5":0,"6":0,"7":0},"f":{"0":0,"1":0},"b":{"0":[0],"1":[0,0]}},"/Users/capeljos/Work/commerce-cif-hybris/cif/carts/src/validations/billingaddress.ts":{"path":"/Users/capeljos/Work/commerce-cif-hybris/cif/carts/src/validations/billingaddress.ts","statementMap":{"0":{"start":{"line":18,"column":0},"end":{"line":18,"column":63}},"1":{"start":{"line":19,"column":0},"end":{"line":19,"column":60}},"2":{"start":{"line":20,"column":0},"end":{"line":20,"column":69}},"3":{"start":{"line":21,"column":0},"end":{"line":21,"column":67}},"4":{"start":{"line":23,"column":13},"end":{"line":23,"column":39}},"5":{"start":{"line":25,"column":19},"end":{"line":25,"column":35}},"6":{"start":{"line":29,"column":16},"end":{"line":32,"column":12}},"7":{"start":{"line":34,"column":2},"end":{"line":38,"column":5}},"8":{"start":{"line":42,"column":13},"end":{"line":42,"column":40}}},"fnMap":{"0":{"name":"deleteBillingAddress","decl":{"start":{"line":27,"column":9},"end":{"line":27,"column":29}},"loc":{"start":{"line":27,"column":39},"end":{"line":40,"column":1}}}},"branchMap":{},"s":{"0":0,"1":0,"2":0,"3":0,"4":0,"5":0,"6":0,"7":0,"8":0},"f":{"0":0},"b":{}},"/Users/capeljos/Work/commerce-cif-hybris/cif/carts/src/validations/carts.ts":{"path":"/Users/capeljos/Work/commerce-cif-hybris/cif/carts/src/validations/carts.ts","statementMap":{"0":{"start":{"line":20,"column":0},"end":{"line":20,"column":69}},"1":{"start":{"line":21,"column":0},"end":{"line":21,"column":47}},"2":{"start":{"line":23,"column":19},"end":{"line":23,"column":30}},"3":{"start":{"line":27,"column":2},"end":{"line":31,"column":13}},"4":{"start":{"line":35,"column":13},"end":{"line":35,"column":35}},"5":{"start":{"line":36,"column":13},"end":{"line":36,"column":38}},"6":{"start":{"line":40,"column":2},"end":{"line":47,"column":13}},"7":{"start":{"line":51,"column":13},"end":{"line":51,"column":29}}},"fnMap":{"0":{"name":"getCartById","decl":{"start":{"line":25,"column":9},"end":{"line":25,"column":20}},"loc":{"start":{"line":25,"column":30},"end":{"line":33,"column":1}}},"1":{"name":"postCart","decl":{"start":{"line":38,"column":9},"end":{"line":38,"column":17}},"loc":{"start":{"line":38,"column":27},"end":{"line":49,"column":1}}}},"branchMap":{},"s":{"0":0,"1":0,"2":0,"3":0,"4":0,"5":0,"6":0,"7":0},"f":{"0":0,"1":0},"b":{}},"/Users/capeljos/Work/commerce-cif-hybris/cif/carts/src/validations/coupons.ts":{"path":"/Users/capeljos/Work/commerce-cif-hybris/cif/carts/src/validations/coupons.ts","statementMap":{"0":{"start":{"line":20,"column":0},"end":{"line":20,"column":69}},"1":{"start":{"line":21,"column":0},"end":{"line":21,"column":51}},"2":{"start":{"line":23,"column":19},"end":{"line":23,"column":32}},"3":{"start":{"line":27,"column":2},"end":{"line":32,"column":13}},"4":{"start":{"line":36,"column":13},"end":{"line":36,"column":31}},"5":{"start":{"line":40,"column":2},"end":{"line":45,"column":13}},"6":{"start":{"line":49,"column":13},"end":{"line":49,"column":43}}},"fnMap":{"0":{"name":"postCoupon","decl":{"start":{"line":25,"column":9},"end":{"line":25,"column":19}},"loc":{"start":{"line":25,"column":29},"end":{"line":34,"column":1}}},"1":{"name":"deleteCouponById","decl":{"start":{"line":38,"column":9},"end":{"line":38,"column":25}},"loc":{"start":{"line":38,"column":35},"end":{"line":47,"column":1}}}},"branchMap":{},"s":{"0":0,"1":0,"2":0,"3":0,"4":0,"5":0,"6":0},"f":{"0":0,"1":0},"b":{}},"/Users/capeljos/Work/commerce-cif-hybris/cif/carts/src/validations/entries.ts":{"path":"/Users/capeljos/Work/commerce-cif-hybris/cif/carts/src/validations/entries.ts","statementMap":{"0":{"start":{"line":20,"column":0},"end":{"line":20,"column":69}},"1":{"start":{"line":21,"column":0},"end":{"line":21,"column":57}},"2":{"start":{"line":23,"column":19},"end":{"line":23,"column":30}},"3":{"start":{"line":27,"column":2},"end":{"line":35,"column":13}},"4":{"start":{"line":39,"column":13},"end":{"line":39,"column":34}},"5":{"start":{"line":43,"column":2},"end":{"line":51,"column":13}},"6":{"start":{"line":55,"column":13},"end":{"line":55,"column":32}},"7":{"start":{"line":59,"column":2},"end":{"line":64,"column":13}},"8":{"start":{"line":68,"column":13},"end":{"line":68,"column":42}}},"fnMap":{"0":{"name":"postCartEntry","decl":{"start":{"line":25,"column":9},"end":{"line":25,"column":22}},"loc":{"start":{"line":25,"column":32},"end":{"line":37,"column":1}}},"1":{"name":"putCartEntry","decl":{"start":{"line":41,"column":9},"end":{"line":41,"column":21}},"loc":{"start":{"line":41,"column":31},"end":{"line":53,"column":1}}},"2":{"name":"deleteCartEntry","decl":{"start":{"line":57,"column":9},"end":{"line":57,"column":24}},"loc":{"start":{"line":57,"column":34},"end":{"line":66,"column":1}}}},"branchMap":{},"s":{"0":0,"1":0,"2":0,"3":0,"4":0,"5":0,"6":0,"7":0,"8":0},"f":{"0":0,"1":0,"2":0},"b":{}},"/Users/capeljos/Work/commerce-cif-hybris/cif/carts/src/validations/paymentmethods.ts":{"path":"/Users/capeljos/Work/commerce-cif-hybris/cif/carts/src/validations/paymentmethods.ts","statementMap":{"0":{"start":{"line":19,"column":0},"end":{"line":19,"column":69}},"1":{"start":{"line":20,"column":0},"end":{"line":20,"column":65}},"2":{"start":{"line":22,"column":19},"end":{"line":22,"column":39}},"3":{"start":{"line":26,"column":2},"end":{"line":30,"column":13}},"4":{"start":{"line":34,"column":13},"end":{"line":34,"column":37}}},"fnMap":{"0":{"name":"getPaymentMethods","decl":{"start":{"line":24,"column":9},"end":{"line":24,"column":26}},"loc":{"start":{"line":24,"column":36},"end":{"line":32,"column":1}}}},"branchMap":{},"s":{"0":0,"1":0,"2":0,"3":0,"4":0},"f":{"0":0},"b":{}},"/Users/capeljos/Work/commerce-cif-hybris/cif/carts/src/validations/payments.ts":{"path":"/Users/capeljos/Work/commerce-cif-hybris/cif/carts/src/validations/payments.ts","statementMap":{"0":{"start":{"line":20,"column":0},"end":{"line":20,"column":69}},"1":{"start":{"line":21,"column":0},"end":{"line":21,"column":53}},"2":{"start":{"line":23,"column":19},"end":{"line":23,"column":33}},"3":{"start":{"line":27,"column":2},"end":{"line":32,"column":13}},"4":{"start":{"line":36,"column":13},"end":{"line":36,"column":32}},"5":{"start":{"line":40,"column":2},"end":{"line":45,"column":13}},"6":{"start":{"line":49,"column":13},"end":{"line":49,"column":40}}},"fnMap":{"0":{"name":"postPayment","decl":{"start":{"line":25,"column":9},"end":{"line":25,"column":20}},"loc":{"start":{"line":25,"column":30},"end":{"line":34,"column":1}}},"1":{"name":"deletePayment","decl":{"start":{"line":38,"column":9},"end":{"line":38,"column":22}},"loc":{"start":{"line":38,"column":32},"end":{"line":47,"column":1}}}},"branchMap":{},"s":{"0":0,"1":0,"2":0,"3":0,"4":0,"5":0,"6":0},"f":{"0":0,"1":0},"b":{}},"/Users/capeljos/Work/commerce-cif-hybris/cif/carts/src/validations/shippingaddress.ts":{"path":"/Users/capeljos/Work/commerce-cif-hybris/cif/carts/src/validations/shippingaddress.ts","statementMap":{"0":{"start":{"line":18,"column":0},"end":{"line":18,"column":62}},"1":{"start":{"line":21,"column":0},"end":{"line":21,"column":69}},"2":{"start":{"line":22,"column":0},"end":{"line":22,"column":67}},"3":{"start":{"line":24,"column":19},"end":{"line":24,"column":41}},"4":{"start":{"line":28,"column":2},"end":{"line":33,"column":13}},"5":{"start":{"line":37,"column":13},"end":{"line":37,"column":40}},"6":{"start":{"line":38,"column":13},"end":{"line":38,"column":41}}},"fnMap":{"0":{"name":"postShippingAddress","decl":{"start":{"line":26,"column":9},"end":{"line":26,"column":28}},"loc":{"start":{"line":26,"column":38},"end":{"line":35,"column":1}}}},"branchMap":{},"s":{"0":0,"1":0,"2":0,"3":0,"4":0,"5":0,"6":0},"f":{"0":0},"b":{}},"/Users/capeljos/Work/commerce-cif-hybris/cif/carts/src/validations/shippingmethods.ts":{"path":"/Users/capeljos/Work/commerce-cif-hybris/cif/carts/src/validations/shippingmethods.ts","statementMap":{"0":{"start":{"line":18,"column":0},"end":{"line":18,"column":61}},"1":{"start":{"line":21,"column":0},"end":{"line":21,"column":69}},"2":{"start":{"line":22,"column":0},"end":{"line":22,"column":63}},"3":{"start":{"line":23,"column":0},"end":{"line":23,"column":75}},"4":{"start":{"line":25,"column":19},"end":{"line":25,"column":41}},"5":{"start":{"line":29,"column":2},"end":{"line":34,"column":13}},"6":{"start":{"line":40,"column":2},"end":{"line":44,"column":13}},"7":{"start":{"line":48,"column":13},"end":{"line":48,"column":39}},"8":{"start":{"line":49,"column":13},"end":{"line":49,"column":37}},"9":{"start":{"line":50,"column":13},"end":{"line":50,"column":40}}},"fnMap":{"0":{"name":"postShippingMethod","decl":{"start":{"line":27,"column":9},"end":{"line":27,"column":27}},"loc":{"start":{"line":27,"column":37},"end":{"line":36,"column":1}}},"1":{"name":"getShippingMethod","decl":{"start":{"line":38,"column":9},"end":{"line":38,"column":26}},"loc":{"start":{"line":38,"column":36},"end":{"line":46,"column":1}}}},"branchMap":{},"s":{"0":0,"1":0,"2":0,"3":0,"4":0,"5":0,"6":0,"7":0,"8":0,"9":0},"f":{"0":0,"1":0},"b":{}},"/Users/capeljos/Work/commerce-cif-hybris/cif/categories/src/actions/categories.ts":{"path":"/Users/capeljos/Work/commerce-cif-hybris/cif/categories/src/actions/categories.ts","statementMap":{"0":{"start":{"line":18,"column":0},"end":{"line":18,"column":81}},"1":{"start":{"line":19,"column":0},"end":{"line":19,"column":69}},"2":{"start":{"line":20,"column":0},"end":{"line":20,"column":65}},"3":{"start":{"line":21,"column":0},"end":{"line":21,"column":55}},"4":{"start":{"line":22,"column":0},"end":{"line":22,"column":81}},"5":{"start":{"line":24,"column":19},"end":{"line":24,"column":34}},"6":{"start":{"line":28,"column":2},"end":{"line":32,"column":16}},"7":{"start":{"line":36,"column":13},"end":{"line":36,"column":39}},"8":{"start":{"line":40,"column":2},"end":{"line":44,"column":20}},"9":{"start":{"line":47,"column":13},"end":{"line":47,"column":33}}},"fnMap":{"0":{"name":"getCategoryById","decl":{"start":{"line":26,"column":9},"end":{"line":26,"column":24}},"loc":{"start":{"line":26,"column":37},"end":{"line":34,"column":1}}},"1":{"name":"getCategories","decl":{"start":{"line":38,"column":9},"end":{"line":38,"column":22}},"loc":{"start":{"line":38,"column":35},"end":{"line":45,"column":1}}}},"branchMap":{},"s":{"0":0,"1":0,"2":0,"3":0,"4":0,"5":0,"6":0,"7":0,"8":0,"9":0},"f":{"0":0,"1":0},"b":{}},"/Users/capeljos/Work/commerce-cif-hybris/cif/categories/src/clients/GetCategoriesClient.ts":{"path":"/Users/capeljos/Work/commerce-cif-hybris/cif/categories/src/clients/GetCategoriesClient.ts","statementMap":{"0":{"start":{"line":18,"column":0},"end":{"line":18,"column":88}},"1":{"start":{"line":23,"column":4},"end":{"line":23,"column":17}},"2":{"start":{"line":31,"column":8},"end":{"line":31,"column":27}},"3":{"start":{"line":33,"column":4},"end":{"line":35,"column":57}},"4":{"start":{"line":34,"column":29},"end":{"line":34,"column":42}},"5":{"start":{"line":35,"column":28},"end":{"line":35,"column":55}},"6":{"start":{"line":20,"column":0},"end":{"line":20,"column":21}}},"fnMap":{"0":{"name":"(anonymous_0)","decl":{"start":{"line":22,"column":2},"end":{"line":22,"column":14}},"loc":{"start":{"line":22,"column":26},"end":{"line":24,"column":3}}},"1":{"name":"(anonymous_1)","decl":{"start":{"line":26,"column":2},"end":{"line":26,"column":6}},"loc":{"start":{"line":26,"column":6},"end":{"line":37,"column":3}}},"2":{"name":"(anonymous_2)","decl":{"start":{"line":34,"column":12},"end":{"line":34,"column":25}},"loc":{"start":{"line":34,"column":29},"end":{"line":34,"column":42}}},"3":{"name":"(anonymous_3)","decl":{"start":{"line":35,"column":13},"end":{"line":35,"column":24}},"loc":{"start":{"line":35,"column":28},"end":{"line":35,"column":55}}}},"branchMap":{},"s":{"0":0,"1":0,"2":0,"3":0,"4":0,"5":0,"6":0},"f":{"0":0,"1":0,"2":0,"3":0},"b":{}},"/Users/capeljos/Work/commerce-cif-hybris/cif/categories/src/clients/GetCategoryByIdClient.ts":{"path":"/Users/capeljos/Work/commerce-cif-hybris/cif/categories/src/clients/GetCategoryByIdClient.ts","statementMap":{"0":{"start":{"line":18,"column":0},"end":{"line":18,"column":91}},"1":{"start":{"line":23,"column":4},"end":{"line":23,"column":17}},"2":{"start":{"line":31,"column":8},"end":{"line":31,"column":27}},"3":{"start":{"line":35,"column":8},"end":{"line":35,"column":29}},"4":{"start":{"line":37,"column":4},"end":{"line":39,"column":57}},"5":{"start":{"line":38,"column":27},"end":{"line":38,"column":38}},"6":{"start":{"line":39,"column":28},"end":{"line":39,"column":55}},"7":{"start":{"line":20,"column":0},"end":{"line":20,"column":21}}},"fnMap":{"0":{"name":"(anonymous_0)","decl":{"start":{"line":22,"column":2},"end":{"line":22,"column":14}},"loc":{"start":{"line":22,"column":26},"end":{"line":24,"column":3}}},"1":{"name":"(anonymous_1)","decl":{"start":{"line":26,"column":2},"end":{"line":26,"column":6}},"loc":{"start":{"line":26,"column":6},"end":{"line":41,"column":3}}},"2":{"name":"(anonymous_2)","decl":{"start":{"line":38,"column":12},"end":{"line":38,"column":23}},"loc":{"start":{"line":38,"column":27},"end":{"line":38,"column":38}}},"3":{"name":"(anonymous_3)","decl":{"start":{"line":39,"column":13},"end":{"line":39,"column":24}},"loc":{"start":{"line":39,"column":28},"end":{"line":39,"column":55}}}},"branchMap":{},"s":{"0":0,"1":0,"2":0,"3":0,"4":0,"5":0,"6":0,"7":0},"f":{"0":0,"1":0,"2":0,"3":0},"b":{}},"/Users/capeljos/Work/commerce-cif-hybris/cif/categories/src/mappers/CategoryMapper.ts":{"path":"/Users/capeljos/Work/commerce-cif-hybris/cif/categories/src/mappers/CategoryMapper.ts","statementMap":{"0":{"start":{"line":17,"column":0},"end":{"line":17,"column":80}},"1":{"start":{"line":18,"column":0},"end":{"line":18,"column":53}},"2":{"start":{"line":20,"column":0},"end":{"line":20,"column":68}},"3":{"start":{"line":25,"column":4},"end":{"line":25,"column":65}},"4":{"start":{"line":32,"column":8},"end":{"line":32,"column":16}},"5":{"start":{"line":34,"column":4},"end":{"line":34,"column":26}},"6":{"start":{"line":48,"column":8},"end":{"line":48,"column":11}},"7":{"start":{"line":50,"column":21},"end":{"line":52,"column":14}},"8":{"start":{"line":54,"column":4},"end":{"line":54,"column":43}},"9":{"start":{"line":55,"column":4},"end"
[...]
{"start":{"line":27,"column":6},"end":{"line":46,"column":3}}},"2":{"name":"(anonymous_2)","decl":{"start":{"line":41,"column":14},"end":{"line":41,"column":30}},"loc":{"start":{"line":41,"column":34},"end":{"line":41,"column":50}}},"3":{"name":"(anonymous_3)","decl":{"start":{"line":42,"column":15},"end":{"line":42,"column":26}},"loc":{"start":{"line":42,"column":30},"end":{"line":42,"column":57}}}},"branchMap":{},"s":{"0":0,"1":0,"2":0,"3":0,"4":0,"5":0,"6":0,"7":0,"8":0},"f":{"0":0,"1":0,"2":0,"3":0},"b":{}},"/Users/capeljos/Work/commerce-cif-hybris/cif/shoppinglists/src/mappers/PagedResponseShoppingListEntryMapper.ts":{"path":"/Users/capeljos/Work/commerce-cif-hybris/cif/shoppinglists/src/mappers/PagedResponseShoppingListEntryMapper.ts","statementMap":{"0":{"start":{"line":17,"column":0},"end":{"line":17,"column":75}},"1":{"start":{"line":18,"column":0},"end":{"line":18,"column":75}},"2":{"start":{"line":20,"column":0},"end":{"line":20,"column":68}},"3":{"start":{"line":21,"column":0},"end":{"line":21,"column":64}},"4":{"start":{"line":29,"column":4},"end":{"line":29,"column":36}},"5":{"start":{"line":25,"column":2},"end":{"line":25,"column":21}},"6":{"start":{"line":26,"column":2},"end":{"line":26,"column":21}},"7":{"start":{"line":37,"column":8},"end":{"line":37,"column":16}},"8":{"start":{"line":38,"column":4},"end":{"line":38,"column":25}},"9":{"start":{"line":39,"column":4},"end":{"line":39,"column":23}},"10":{"start":{"line":41,"column":4},"end":{"line":41,"column":64}},"11":{"start":{"line":53,"column":8},"end":{"line":53,"column":11}},"12":{"start":{"line":54,"column":25},"end":{"line":54,"column":44}},"13":{"start":{"line":57,"column":6},"end":{"line":62,"column":17}},"14":{"start":{"line":65,"column":17},"end":{"line":65,"column":74}},"15":{"start":{"line":66,"column":20},"end":{"line":66,"column":106}},"16":{"start":{"line":66,"column":41},"end":{"line":66,"column":105}},"17":{"start":{"line":68,"column":43},"end":{"line":73,"column":14}},"18":{"start":{"line":75,"column":4},"end":{"line":75,"column":42}},"19":{"start":{"line":23,"column":0},"end":{"line":23,"column":21}}},"fnMap":{"0":{"name":"(anonymous_1)","decl":{"start":{"line":28,"column":2},"end":{"line":28,"column":14}},"loc":{"start":{"line":28,"column":37},"end":{"line":30,"column":3}}},"1":{"name":"(anonymous_2)","decl":{"start":{"line":32,"column":2},"end":{"line":32,"column":36}},"loc":{"start":{"line":32,"column":50},"end":{"line":42,"column":3}}},"2":{"name":"(anonymous_3)","decl":{"start":{"line":49,"column":2},"end":{"line":49,"column":13}},"loc":{"start":{"line":49,"column":47},"end":{"line":76,"column":3}}},"3":{"name":"(anonymous_4)","decl":{"start":{"line":66,"column":29},"end":{"line":66,"column":37}},"loc":{"start":{"line":66,"column":41},"end":{"line":66,"column":105}}}},"branchMap":{"0":{"loc":{"start":{"line":34,"column":15},"end":{"line":34,"column":16}},"type":"default-arg","locations":[{"start":{"line":34,"column":15},"end":{"line":34,"column":16}}]},"1":{"loc":{"start":{"line":35,"column":14},"end":{"line":35,"column":16}},"type":"default-arg","locations":[{"start":{"line":35,"column":14},"end":{"line":35,"column":16}}]},"2":{"loc":{"start":{"line":52,"column":21},"end":{"line":52,"column":23}},"type":"default-arg","locations":[{"start":{"line":52,"column":21},"end":{"line":52,"column":23}}]}},"s":{"0":0,"1":0,"2":0,"3":0,"4":0,"5":0,"6":0,"7":0,"8":0,"9":0,"10":0,"11":0,"12":0,"13":0,"14":0,"15":0,"16":0,"17":0,"18":0,"19":0},"f":{"0":0,"1":0,"2":0,"3":0},"b":{"0":[0],"1":[0],"2":[0]}},"/Users/capeljos/Work/commerce-cif-hybris/cif/shoppinglists/src/mappers/PagedResponseShoppingListMapper.ts":{"path":"/Users/capeljos/Work/commerce-cif-hybris/cif/shoppinglists/src/mappers/PagedResponseShoppingListMapper.ts","statementMap":{"0":{"start":{"line":17,"column":0},"end":{"line":17,"column":75}},"1":{"start":{"line":18,"column":0},"end":{"line":18,"column":70}},"2":{"start":{"line":20,"column":0},"end":{"line":20,"column":68}},"3":{"start":{"line":21,"column":0},"end":{"line":21,"column":54}},"4":{"start":{"line":29,"column":4},"end":{"line":29,"column":36}},"5":{"start":{"line":25,"column":2},"end":{"line":25,"column":21}},"6":{"start":{"line":26,"column":2},"end":{"line":26,"column":21}},"7":{"start":{"line":36,"column":8},"end":{"line":36,"column":16}},"8":{"start":{"line":37,"column":4},"end":{"line":37,"column":25}},"9":{"start":{"line":38,"column":4},"end":{"line":38,"column":23}},"10":{"start":{"line":40,"column":4},"end":{"line":40,"column":60}},"11":{"start":{"line":52,"column":8},"end":{"line":52,"column":11}},"12":{"start":{"line":54,"column":25},"end":{"line":54,"column":37}},"13":{"start":{"line":55,"column":20},"end":{"line":55,"column":100}},"14":{"start":{"line":55,"column":41},"end":{"line":55,"column":99}},"15":{"start":{"line":57,"column":38},"end":{"line":62,"column":14}},"16":{"start":{"line":64,"column":4},"end":{"line":64,"column":37}},"17":{"start":{"line":23,"column":0},"end":{"line":23,"column":21}}},"fnMap":{"0":{"name":"(anonymous_1)","decl":{"start":{"line":28,"column":2},"end":{"line":28,"column":14}},"loc":{"start":{"line":28,"column":37},"end":{"line":30,"column":3}}},"1":{"name":"(anonymous_2)","decl":{"start":{"line":32,"column":2},"end":{"line":32,"column":36}},"loc":{"start":{"line":32,"column":50},"end":{"line":41,"column":3}}},"2":{"name":"(anonymous_3)","decl":{"start":{"line":48,"column":2},"end":{"line":48,"column":13}},"loc":{"start":{"line":48,"column":41},"end":{"line":65,"column":3}}},"3":{"name":"(anonymous_4)","decl":{"start":{"line":55,"column":30},"end":{"line":55,"column":37}},"loc":{"start":{"line":55,"column":41},"end":{"line":55,"column":99}}}},"branchMap":{"0":{"loc":{"start":{"line":34,"column":15},"end":{"line":34,"column":16}},"type":"default-arg","locations":[{"start":{"line":34,"column":15},"end":{"line":34,"column":16}}]},"1":{"loc":{"start":{"line":35,"column":14},"end":{"line":35,"column":16}},"type":"default-arg","locations":[{"start":{"line":35,"column":14},"end":{"line":35,"column":16}}]},"2":{"loc":{"start":{"line":51,"column":14},"end":{"line":51,"column":16}},"type":"default-arg","locations":[{"start":{"line":51,"column":14},"end":{"line":51,"column":16}}]}},"s":{"0":0,"1":0,"2":0,"3":0,"4":0,"5":0,"6":0,"7":0,"8":0,"9":0,"10":0,"11":0,"12":0,"13":0,"14":0,"15":0,"16":0,"17":0},"f":{"0":0,"1":0,"2":0,"3":0},"b":{"0":[0],"1":[0],"2":[0]}},"/Users/capeljos/Work/commerce-cif-hybris/cif/shoppinglists/src/mappers/ShoppingListEntryMapper.ts":{"path":"/Users/capeljos/Work/commerce-cif-hybris/cif/shoppinglists/src/mappers/ShoppingListEntryMapper.ts","statementMap":{"0":{"start":{"line":17,"column":0},"end":{"line":17,"column":75}},"1":{"start":{"line":18,"column":0},"end":{"line":18,"column":62}},"2":{"start":{"line":19,"column":0},"end":{"line":19,"column":86}},"3":{"start":{"line":20,"column":0},"end":{"line":20,"column":93}},"4":{"start":{"line":25,"column":4},"end":{"line":25,"column":20}},"5":{"start":{"line":34,"column":8},"end":{"line":34,"column":16}},"6":{"start":{"line":36,"column":23},"end":{"line":40,"column":6}},"7":{"start":{"line":42,"column":4},"end":{"line":46,"column":6}},"8":{"start":{"line":50,"column":41},"end":{"line":50,"column":62}},"9":{"start":{"line":51,"column":34},"end":{"line":51,"column":52}},"10":{"start":{"line":52,"column":4},"end":{"line":52,"column":43}},"11":{"start":{"line":53,"column":4},"end":{"line":53,"column":33}},"12":{"start":{"line":54,"column":4},"end":{"line":54,"column":42}},"13":{"start":{"line":55,"column":4},"end":{"line":55,"column":44}},"14":{"start":{"line":57,"column":4},"end":{"line":57,"column":22}},"15":{"start":{"line":66,"column":8},"end":{"line":66,"column":11}},"16":{"start":{"line":68,"column":30},"end":{"line":72,"column":14}},"17":{"start":{"line":74,"column":4},"end":{"line":74,"column":29}},"18":{"start":{"line":78,"column":27},"end":{"line":78,"column":80}},"19":{"start":{"line":79,"column":25},"end":{"line":79,"column":39}},"20":{"start":{"line":81,"column":6},"end":{"line":81,"column":89}},"21":{"start":{"line":83,"column":4},"end":{"line":83,"column":93}},"22":{"start":{"line":84,"column":4},"end":{"line":84,"column":40}},"23":{"start":{"line":85,"column":4},"end":{"line":85,"column":43}},"24":{"start":{"line":86,"column":4},"end":{"line":86,"column":26}},"25":{"start":{"line":22,"column":0},"end":{"line":22,"column":21}}},"fnMap":{"0":{"name":"(anonymous_1)","decl":{"start":{"line":24,"column":2},"end":{"line":24,"column":14}},"loc":{"start":{"line":24,"column":37},"end":{"line":26,"column":3}}},"1":{"name":"(anonymous_2)","decl":{"start":{"line":28,"column":2},"end":{"line":28,"column":36}},"loc":{"start":{"line":28,"column":50},"end":{"line":47,"column":3}}},"2":{"name":"(anonymous_3)","decl":{"start":{"line":49,"column":2},"end":{"line":49,"column":15}},"loc":{"start":{"line":49,"column":50},"end":{"line":58,"column":3}}},"3":{"name":"(anonymous_4)","decl":{"start":{"line":60,"column":2},"end":{"line":60,"column":13}},"loc":{"start":{"line":60,"column":43},"end":{"line":75,"column":3}}},"4":{"name":"(anonymous_5)","decl":{"start":{"line":77,"column":2},"end":{"line":77,"column":19}},"loc":{"start":{"line":77,"column":41},"end":{"line":87,"column":3}}}},"branchMap":{"0":{"loc":{"start":{"line":83,"column":31},"end":{"line":83,"column":44}},"type":"binary-expr","locations":[{"start":{"line":83,"column":31},"end":{"line":83,"column":44}},{"start":{"line":83,"column":48},"end":{"line":83,"column":92}}]}},"s":{"0":0,"1":0,"2":0,"3":0,"4":0,"5":0,"6":0,"7":0,"8":0,"9":0,"10":0,"11":0,"12":0,"13":0,"14":0,"15":0,"16":0,"17":0,"18":0,"19":0,"20":0,"21":0,"22":0,"23":0,"24":0,"25":0},"f":{"0":0,"1":0,"2":0,"3":0,"4":0},"b":{"0":[0,0]}},"/Users/capeljos/Work/commerce-cif-hybris/cif/shoppinglists/src/mappers/ShoppingListEntryModificationMapper.ts":{"path":"/Users/capeljos/Work/commerce-cif-hybris/cif/shoppinglists/src/mappers/ShoppingListEntryModificationMapper.ts","statementMap":{"0":{"start":{"line":17,"column":0},"end":{"line":17,"column":75}},"1":{"start":{"line":18,"column":0},"end":{"line":18,"column":62}},"2":{"start":{"line":19,"column":0},"end":{"line":19,"column":109}},"3":{"start":{"line":20,"column":0},"end":{"line":20,"column":93}},"4":{"start":{"line":24,"column":4},"end":{"line":24,"column":20}},"5":{"start":{"line":32,"column":8},"end":{"line":32,"column":16}},"6":{"start":{"line":34,"column":23},"end":{"line":37,"column":6}},"7":{"start":{"line":39,"column":4},"end":{"line":42,"column":6}},"8":{"start":{"line":46,"column":41},"end":{"line":46,"column":62}},"9":{"start":{"line":47,"column":34},"end":{"line":47,"column":52}},"10":{"start":{"line":48,"column":4},"end":{"line":48,"column":43}},"11":{"start":{"line":49,"column":4},"end":{"line":49,"column":33}},"12":{"start":{"line":50,"column":4},"end":{"line":50,"column":42}},"13":{"start":{"line":52,"column":4},"end":{"line":52,"column":22}},"14":{"start":{"line":56,"column":22},"end":{"line":56,"column":25}},"15":{"start":{"line":57,"column":24},"end":{"line":57,"column":63}},"16":{"start":{"line":62,"column":8},"end":{"line":62,"column":13}},"17":{"start":{"line":64,"column":30},"end":{"line":68,"column":14}},"18":{"start":{"line":70,"column":4},"end":{"line":70,"column":29}},"19":{"start":{"line":74,"column":27},"end":{"line":74,"column":80}},"20":{"start":{"line":75,"column":25},"end":{"line":75,"column":39}},"21":{"start":{"line":77,"column":6},"end":{"line":77,"column":89}},"22":{"start":{"line":79,"column":4},"end":{"line":79,"column":93}},"23":{"start":{"line":80,"column":4},"end":{"line":80,"column":40}},"24":{"start":{"line":81,"column":4},"end":{"line":81,"column":43}},"25":{"start":{"line":82,"column":4},"end":{"line":82,"column":26}},"26":{"start":{"line":22,"column":0},"end":{"line":22,"column":21}}},"fnMap":{"0":{"name":"(anonymous_1)","decl":{"start":{"line":23,"column":2},"end":{"line":23,"column":14}},"loc":{"start":{"line":23,"column":37},"end":{"line":25,"column":3}}},"1":{"name":"(anonymous_2)","decl":{"start":{"line":27,"column":2},"end":{"line":27,"column":36}},"loc":{"start":{"line":27,"column":50},"end":{"line":43,"column":3}}},"2":{"name":"(anonymous_3)","decl":{"start":{"line":45,"column":2},"end":{"line":45,"column":15}},"loc":{"start":{"line":45,"column":50},"end":{"line":53,"column":3}}},"3":{"name":"(anonymous_4)","decl":{"start":{"line":55,"column":2},"end":{"line":55,"column":13}},"loc":{"start":{"line":55,"column":54},"end":{"line":71,"column":3}}},"4":{"name":"(anonymous_5)","decl":{"start":{"line":73,"column":2},"end":{"line":73,"column":19}},"loc":{"start":{"line":73,"column":41},"end":{"line":83,"column":3}}}},"branchMap":{"0":{"loc":{"start":{"line":57,"column":24},"end":{"line":57,"column":29}},"type":"binary-expr","locations":[{"start":{"line":57,"column":24},"end":{"line":57,"column":29}},{"start":{"line":57,"column":33},"end":{"line":57,"column":50}},{"start":{"line":57,"column":54},"end":{"line":57,"column":63}}]},"1":{"loc":{"start":{"line":79,"column":31},"end":{"line":79,"column":44}},"type":"binary-expr","locations":[{"start":{"line":79,"column":31},"end":{"line":79,"column":44}},{"start":{"line":79,"column":48},"end":{"line":79,"column":92}}]}},"s":{"0":0,"1":0,"2":0,"3":0,"4":0,"5":0,"6":0,"7":0,"8":0,"9":0,"10":0,"11":0,"12":0,"13":0,"14":0,"15":0,"16":0,"17":0,"18":0,"19":0,"20":0,"21":0,"22":0,"23":0,"24":0,"25":0,"26":0},"f":{"0":0,"1":0,"2":0,"3":0,"4":0},"b":{"0":[0,0,0],"1":[0,0]}},"/Users/capeljos/Work/commerce-cif-hybris/cif/shoppinglists/src/mappers/ShoppingListMapper.ts":{"path":"/Users/capeljos/Work/commerce-cif-hybris/cif/shoppinglists/src/mappers/ShoppingListMapper.ts","statementMap":{"0":{"start":{"line":17,"column":0},"end":{"line":17,"column":80}},"1":{"start":{"line":18,"column":0},"end":{"line":18,"column":57}},"2":{"start":{"line":20,"column":0},"end":{"line":20,"column":64}},"3":{"start":{"line":25,"column":4},"end":{"line":25,"column":20}},"4":{"start":{"line":32,"column":8},"end":{"line":32,"column":16}},"5":{"start":{"line":34,"column":4},"end":{"line":34,"column":32}},"6":{"start":{"line":50,"column":8},"end":{"line":50,"column":11}},"7":{"start":{"line":52,"column":15},"end":{"line":52,"column":62}},"8":{"start":{"line":54,"column":25},"end":{"line":58,"column":14}},"9":{"start":{"line":57,"column":40},"end":{"line":57,"column":101}},"10":{"start":{"line":61,"column":6},"end":{"line":61,"column":41}},"11":{"start":{"line":64,"column":6},"end":{"line":64,"column":45}},"12":{"start":{"line":67,"column":4},"end":{"line":67,"column":24}},"13":{"start":{"line":22,"column":0},"end":{"line":22,"column":21}}},"fnMap":{"0":{"name":"(anonymous_1)","decl":{"start":{"line":24,"column":2},"end":{"line":24,"column":14}},"loc":{"start":{"line":24,"column":37},"end":{"line":26,"column":3}}},"1":{"name":"(anonymous_2)","decl":{"start":{"line":28,"column":2},"end":{"line":28,"column":36}},"loc":{"start":{"line":28,"column":50},"end":{"line":35,"column":3}}},"2":{"name":"(anonymous_3)","decl":{"start":{"line":42,"column":2},"end":{"line":42,"column":13}},"loc":{"start":{"line":42,"column":51},"end":{"line":68,"column":3}}},"3":{"name":"(anonymous_4)","decl":{"start":{"line":57,"column":31},"end":{"line":57,"column":36}},"loc":{"start":{"line":57,"column":40},"end":{"line":57,"column":101}}}},"branchMap":{"0":{"loc":{"start":{"line":45,"column":16},"end":{"line":45,"column":18}},"type":"default-arg","locations":[{"start":{"line":45,"column":16},"end":{"line":45,"column":18}}]},"1":{"loc":{"start":{"line":52,"column":51},"end":{"line":52,"column":55}},"type":"cond-expr","locations":[{"start":{"line":52,"column":51},"end":{"line":52,"column":55}},{"start":{"line":52,"column":58},"end":{"line":52,"column":62}}]},"2":{"loc":{"start":{"line":52,"column":16},"end":{"line":52,"column":20}},"type":"binary-expr","locations":[{"start":{"line":52,"column":16},"end":{"line":52,"column":20}},{"start":{"line":52,"column":24},"end":{"line":52,"column":33}}]},"3":{"loc":{"start":{"line":60,"column":8},"end":{"line":60,"column":12}},"type":"binary-expr","locations":[{"start":{"line":60,"column":8},"end":{"line":60,"column":12}},{"start":{"line":60,"column":16},"end":{"line":60,"column":24}}]}},"s":{"0":0,"1":0,"2":0,"3":0,"4":0,"5":0,"6":0,"7":0,"8":0,"9":0,"10":0,"11":0,"12":0,"13":0},"f":{"0":0,"1":0,"2":0,"3":0},"b":{"0":[0],"1":[0,0],"2":[0,0],"3":[0,0]}},"/Users/capeljos/Work/commerce-cif-hybris/cif/shoppinglists/src/validations/entries.ts":{"path":"/Users/capeljos/Work/commerce-cif-hybris/cif/shoppinglists/src/validations/entries.ts","statementMap":{"0":{"start":{"line":19,"column":0},"end":{"line":19,"column":69}},"1":{"start":{"line":20,"column":0},"end":{"line":20,"column":99}},"2":{"start":{"line":21,"column":0},"end":{"line":21,"column":73}},"3":{"start":{"line":22,"column":0},"end":{"line":22,"column":97}},"4":{"start":{"line":24,"column":19},"end":{"line":24,"column":38}},"5":{"start":{"line":27,"column":2},"end":{"line":36,"column":13}},"6":{"start":{"line":38,"column":13},"end":{"line":38,"column":42}},"7":{"start":{"line":41,"column":2},"end":{"line":46,"column":13}},"8":{"start":{"line":48,"column":13},"end":{"line":48,"column":48}},"9":{"start":{"line":49,"column":13},"end":{"line":49,"column":51}},"10":{"start":{"line":52,"column":2},"end":{"line":60,"column":13}},"11":{"start":{"line":62,"column":13},"end":{"line":62,"column":42}}},"fnMap":{"0":{"name":"getShoppingListEntries","decl":{"start":{"line":26,"column":9},"end":{"line":26,"column":31}},"loc":{"start":{"line":26,"column":41},"end":{"line":37,"column":1}}},"1":{"name":"getShoppingListEntryById","decl":{"start":{"line":40,"column":9},"end":{"line":40,"column":33}},"loc":{"start":{"line":40,"column":43},"end":{"line":47,"column":1}}},"2":{"name":"postShoppingListEntry","decl":{"start":{"line":51,"column":9},"end":{"line":51,"column":30}},"loc":{"start":{"line":51,"column":40},"end":{"line":61,"column":1}}}},"branchMap":{},"s":{"0":0,"1":0,"2":0,"3":0,"4":0,"5":0,"6":0,"7":0,"8":0,"9":0,"10":0,"11":0},"f":{"0":0,"1":0,"2":0},"b":{}},"/Users/capeljos/Work/commerce-cif-hybris/cif/shoppinglists/src/validations/shoppinglists.ts":{"path":"/Users/capeljos/Work/commerce-cif-hybris/cif/shoppinglists/src/validations/shoppinglists.ts","statementMap":{"0":{"start":{"line":19,"column":0},"end":{"line":19,"column":69}},"1":{"start":{"line":20,"column":0},"end":{"line":20,"column":63}},"2":{"start":{"line":21,"column":0},"end":{"line":21,"column":89}},"3":{"start":{"line":23,"column":19},"end":{"line":23,"column":38}},"4":{"start":{"line":26,"column":2},"end":{"line":30,"column":13}},"5":{"start":{"line":33,"column":13},"end":{"line":33,"column":43}},"6":{"start":{"line":34,"column":13},"end":{"line":34,"column":46}},"7":{"start":{"line":37,"column":2},"end":{"line":44,"column":13}},"8":{"start":{"line":47,"column":13},"end":{"line":47,"column":36}},"9":{"start":{"line":50,"column":2},"end":{"line":54,"column":13}},"10":{"start":{"line":56,"column":13},"end":{"line":56,"column":37}},"11":{"start":{"line":59,"column":2},"end":{"line":64,"column":13}},"12":{"start":{"line":66,"column":13},"end":{"line":66,"column":39}}},"fnMap":{"0":{"name":"getShoppingListById","decl":{"start":{"line":25,"column":9},"end":{"line":25,"column":28}},"loc":{"start":{"line":25,"column":38},"end":{"line":32,"column":1}}},"1":{"name":"getShoppingLists","decl":{"start":{"line":36,"column":9},"end":{"line":36,"column":25}},"loc":{"start":{"line":36,"column":35},"end":{"line":46,"column":1}}},"2":{"name":"postShoppingList","decl":{"start":{"line":49,"column":9},"end":{"line":49,"column":25}},"loc":{"start":{"line":49,"column":35},"end":{"line":55,"column":1}}},"3":{"name":"patchShoppingList","decl":{"start":{"line":58,"column":9},"end":{"line":58,"column":26}},"loc":{"start":{"line":58,"column":36},"end":{"line":65,"column":1}}}},"branchMap":{},"s":{"0":0,"1":0,"2":0,"3":0,"4":0,"5":0,"6":0,"7":0,"8":0,"9":0,"10":0,"11":0,"12":0},"f":{"0":0,"1":0,"2":0,"3":0},"b":{}}}