TN:
SF:/Users/capeljos/Work/commerce-cif-hybris/cif/carts/src/actions/billingaddress.ts
FN:23,postBillingAddress
FNF:1
FNH:0
FNDA:0,postBillingAddress
DA:18,0
DA:19,0
DA:21,0
DA:25,0
DA:32,0
LF:5
LH:0
BRF:0
BRH:0
end_of_record
TN:
SF:/Users/capeljos/Work/commerce-cif-hybris/cif/carts/src/actions/carts.ts
FN:26,getCartById
FN:38,deleteCart
FN:50,postCart
FNF:3
FNH:0
FNDA:0,getCartById
FNDA:0,deleteCart
FNDA:0,postCart
DA:18,0
DA:19,0
DA:20,0
DA:21,0
DA:22,0
DA:24,0
DA:28,0
DA:36,0
DA:40,0
DA:48,0
DA:52,0
DA:59,0
LF:12
LH:0
BRF:0
BRH:0
end_of_record
TN:
SF:/Users/capeljos/Work/commerce-cif-hybris/cif/carts/src/actions/coupons.ts
FN:24,postCoupon
FN:35,deleteCouponById
FNF:2
FNH:0
FNDA:0,postCoupon
FNDA:0,deleteCouponById
DA:18,0
DA:19,0
DA:20,0
DA:22,0
DA:26,0
DA:33,0
DA:37,0
DA:44,0
LF:8
LH:0
BRF:0
BRH:0
end_of_record
TN:
SF:/Users/capeljos/Work/commerce-cif-hybris/cif/carts/src/actions/entries.ts
FN:26,postCartEntry
FN:38,putCartEntry
FN:49,deleteCartEntry
FNF:3
FNH:0
FNDA:0,postCartEntry
FNDA:0,putCartEntry
FNDA:0,deleteCartEntry
DA:18,0
DA:19,0
DA:20,0
DA:21,0
DA:22,0
DA:24,0
DA:28,0
DA:36,0
DA:40,0
DA:47,0
DA:51,0
DA:58,0
LF:12
LH:0
BRF:0
BRH:0
end_of_record
TN:
SF:/Users/capeljos/Work/commerce-cif-hybris/cif/carts/src/actions/paymentmethods.ts
FN:22,getPaymentMethods
FNF:1
FNH:0
FNDA:0,getPaymentMethods
DA:18,0
DA:19,0
DA:20,0
DA:24,0
DA:32,0
LF:5
LH:0
BRF:0
BRH:0
end_of_record
TN:
SF:/Users/capeljos/Work/commerce-cif-hybris/cif/carts/src/actions/payments.ts
FN:24,postPayment
FN:35,deletePayment
FNF:2
FNH:0
FNDA:0,postPayment
FNDA:0,deletePayment
DA:18,0
DA:19,0
DA:20,0
DA:22,0
DA:26,0
DA:33,0
DA:37,0
DA:44,0
LF:8
LH:0
BRF:0
BRH:0
end_of_record
TN:
SF:/Users/capeljos/Work/commerce-cif-hybris/cif/carts/src/actions/shippingaddress.ts
FN:24,postShippingAddress
FN:35,deleteShippingAddress
FNF:2
FNH:0
FNDA:0,postShippingAddress
FNDA:0,deleteShippingAddress
DA:18,0
DA:19,0
DA:20,0
DA:22,0
DA:26,0
DA:33,0
DA:37,0
DA:44,0
LF:8
LH:0
BRF:0
BRH:0
end_of_record
TN:
SF:/Users/capeljos/Work/commerce-cif-hybris/cif/carts/src/actions/shippingmethods.ts
FN:26,postShippingMethod
FN:37,deleteShippingMethod
FN:48,getShippingMethod
FNF:3
FNH:0
FNDA:0,postShippingMethod
FNDA:0,deleteShippingMethod
FNDA:0,getShippingMethod
DA:18,0
DA:19,0
DA:20,0
DA:21,0
DA:22,0
DA:24,0
DA:28,0
DA:35,0
DA:39,0
DA:46,0
DA:50,0
DA:58,0
LF:12
LH:0
BRF:0
BRH:0
end_of_record
TN:
SF:/Users/capeljos/Work/commerce-cif-hybris/cif/carts/src/clients/DeleteCartClient.ts
FN:23,(anonymous_0)
FN:27,(anonymous_1)
FN:39,(anonymous_2)
FN:40,(anonymous_3)
FNF:4
FNH:0
FNDA:0,(anonymous_0)
FNDA:0,(anonymous_1)
FNDA:0,(anonymous_2)
FNDA:0,(anonymous_3)
DA:18,0
DA:21,0
DA:24,0
DA:32,0
DA:36,0
DA:38,0
DA:39,0
DA:40,0
LF:8
LH:0
BRF:0
BRH:0
end_of_record
TN:
SF:/Users/capeljos/Work/commerce-cif-hybris/cif/carts/src/clients/DeleteCartEntryClient.ts
FN:23,(anonymous_0)
FN:27,(anonymous_1)
FN:40,(anonymous_2)
FN:41,(anonymous_3)
FNF:4
FNH:0
FNDA:0,(anonymous_0)
FNDA:0,(anonymous_1)
FNDA:0,(anonymous_2)
FNDA:0,(anonymous_3)
DA:18,0
DA:21,0
DA:24,0
DA:32,0
DA:37,0
DA:39,0
DA:40,0
DA:41,0
LF:8
LH:0
BRF:0
BRH:0
end_of_record
TN:
SF:/Users/capeljos/Work/commerce-cif-hybris/cif/carts/src/clients/DeleteCouponClient.ts
FN:22,(anonymous_0)
FN:26,(anonymous_1)
FN:39,(anonymous_2)
FN:40,(anonymous_3)
FNF:4
FNH:0
FNDA:0,(anonymous_0)
FNDA:0,(anonymous_1)
FNDA:0,(anonymous_2)
FNDA:0,(anonymous_3)
DA:18,0
DA:20,0
DA:23,0
DA:31,0
DA:36,0
DA:38,0
DA:39,0
DA:40,0
LF:8
LH:0
BRF:0
BRH:0
end_of_record
TN:
SF:/Users/capeljos/Work/commerce-cif-hybris/cif/carts/src/clients/DeletePaymentClient.ts
FN:22,(anonymous_0)
FN:26,(anonymous_1)
FN:38,(anonymous_2)
FN:39,(anonymous_3)
FNF:4
FNH:0
FNDA:0,(anonymous_0)
FNDA:0,(anonymous_1)
FNDA:0,(anonymous_2)
FNDA:0,(anonymous_3)
DA:18,0
DA:20,0
DA:23,0
DA:31,0
DA:35,0
DA:37,0
DA:38,0
DA:39,0
LF:8
LH:0
BRF:0
BRH:0
end_of_record
TN:
SF:/Users/capeljos/Work/commerce-cif-hybris/cif/carts/src/clients/DeleteShippingAddressClient.ts
FN:23,(anonymous_0)
FN:27,(anonymous_1)
FN:39,(anonymous_2)
FN:40,(anonymous_3)
FNF:4
FNH:0
FNDA:0,(anonymous_0)
FNDA:0,(anonymous_1)
FNDA:0,(anonymous_2)
FNDA:0,(anonymous_3)
DA:18,0
DA:21,0
DA:24,0
DA:32,0
DA:36,0
DA:38,0
DA:39,0
DA:40,0
LF:8
LH:0
BRF:0
BRH:0
end_of_record
TN:
SF:/Users/capeljos/Work/commerce-cif-hybris/cif/carts/src/clients/DeleteShippingMethodClient.ts
FN:23,(anonymous_0)
FN:27,(anonymous_1)
FN:39,(anonymous_2)
FN:40,(anonymous_3)
FNF:4
FNH:0
FNDA:0,(anonymous_0)
FNDA:0,(anonymous_1)
FNDA:0,(anonymous_2)
FNDA:0,(anonymous_3)
DA:18,0
DA:21,0
DA:24,0
DA:32,0
DA:36,0
DA:38,0
DA:39,0
DA:40,0
LF:8
LH:0
BRF:0
BRH:0
end_of_record
TN:
SF:/Users/capeljos/Work/commerce-cif-hybris/cif/carts/src/clients/GetCartByIdClient.ts
FN:23,(anonymous_0)
FN:27,(anonymous_1)
FN:39,(anonymous_2)
FN:40,(anonymous_3)
FN:44,(anonymous_4)
FNF:5
FNH:0
FNDA:0,(anonymous_0)
FNDA:0,(anonymous_1)
FNDA:0,(anonymous_2)
FNDA:0,(anonymous_3)
FNDA:0,(anonymous_4)
DA:18,0
DA:21,0
DA:24,0
DA:32,0
DA:36,0
DA:38,0
DA:39,0
DA:40,0
DA:45,0
DA:46,0
DA:47,0
LF:11
LH:0
BRF:0
BRH:0
end_of_record
TN:
SF:/Users/capeljos/Work/commerce-cif-hybris/cif/carts/src/clients/GetPaymentMethodsClient.ts
FN:23,(anonymous_0)
FN:27,(anonymous_1)
FN:35,(anonymous_2)
FN:36,(anonymous_3)
FNF:4
FNH:0
FNDA:0,(anonymous_0)
FNDA:0,(anonymous_1)
FNDA:0,(anonymous_2)
FNDA:0,(anonymous_3)
DA:18,0
DA:21,0
DA:24,0
DA:32,0
DA:34,0
DA:35,0
DA:36,0
LF:7
LH:0
BRF:0
BRH:0
end_of_record
TN:
SF:/Users/capeljos/Work/commerce-cif-hybris/cif/carts/src/clients/GetShippingMethodsClient.ts
FN:23,(anonymous_0)
FN:27,(anonymous_1)
FN:39,(anonymous_2)
FN:40,(anonymous_3)
FNF:4
FNH:0
FNDA:0,(anonymous_0)
FNDA:0,(anonymous_1)
FNDA:0,(anonymous_2)
FNDA:0,(anonymous_3)
DA:18,0
DA:21,0
DA:24,0
DA:32,0
DA:36,0
DA:38,0
DA:39,0
DA:40,0
LF:8
LH:0
BRF:0
BRH:0
end_of_record
TN:
SF:/Users/capeljos/Work/commerce-cif-hybris/cif/carts/src/clients/PostBillingAddressClient.ts
FN:22,(anonymous_0)
FN:26,(anonymous_1)
FN:40,(anonymous_2)
FN:41,(anonymous_3)
FNF:4
FNH:0
FNDA:0,(anonymous_0)
FNDA:0,(anonymous_1)
FNDA:0,(anonymous_2)
FNDA:0,(anonymous_3)
DA:18,0
DA:20,0
DA:23,0
DA:31,0
DA:35,0
DA:37,0
DA:39,0
DA:40,0
DA:41,0
LF:9
LH:0
BRF:0
BRH:0
end_of_record
TN:
SF:/Users/capeljos/Work/commerce-cif-hybris/cif/carts/src/clients/PostCartClient.ts
FN:24,(anonymous_1)
FN:28,(anonymous_2)
FN:40,(anonymous_3)
FN:41,(anonymous_4)
FN:45,(anonymous_5)
FNF:5
FNH:0
FNDA:0,(anonymous_1)
FNDA:0,(anonymous_2)
FNDA:0,(anonymous_3)
FNDA:0,(anonymous_4)
FNDA:0,(anonymous_5)
DA:18,0
DA:20,0
DA:22,0
DA:25,0
DA:33,0
DA:37,0
DA:39,0
DA:40,0
DA:41,0
DA:47,0
DA:52,0
DA:55,0
DA:56,0
DA:59,0
LF:14
LH:0
BRDA:47,0,0,0
BRDA:47,0,1,0
BRDA:50,1,0,0
BRF:3
BRH:0
end_of_record
TN:
SF:/Users/capeljos/Work/commerce-cif-hybris/cif/carts/src/clients/PostCartEntryClient.ts
FN:23,(anonymous_0)
FN:27,(anonymous_1)
FN:41,(anonymous_2)
FN:42,(anonymous_3)
FNF:4
FNH:0
FNDA:0,(anonymous_0)
FNDA:0,(anonymous_1)
FNDA:0,(anonymous_2)
FNDA:0,(anonymous_3)
DA:18,0
DA:21,0
DA:24,0
DA:32,0
DA:37,0
DA:40,0
DA:41,0
DA:42,0
DA:45,0
LF:9
LH:0
BRF:0
BRH:0
end_of_record
TN:
SF:/Users/capeljos/Work/commerce-cif-hybris/cif/carts/src/clients/PostCouponClient.ts
FN:22,(anonymous_0)
FN:26,(anonymous_1)
FN:39,(anonymous_2)
FN:40,(anonymous_3)
FNF:4
FNH:0
FNDA:0,(anonymous_0)
FNDA:0,(anonymous_1)
FNDA:0,(anonymous_2)
FNDA:0,(anonymous_3)
DA:18,0
DA:20,0
DA:23,0
DA:31,0
DA:36,0
DA:38,0
DA:39,0
DA:40,0
LF:8
LH:0
BRF:0
BRH:0
end_of_record
TN:
SF:/Users/capeljos/Work/commerce-cif-hybris/cif/carts/src/clients/PostPaymentClient.ts
FN:22,(anonymous_6)
FN:41,(anonymous_9)
FN:42,(anonymous_10)
FN:55,(anonymous_13)
FN:57,(anonymous_14)
FN:60,(anonymous_15)
FNF:6
FNH:0
FNDA:0,(anonymous_6)
FNDA:0,(anonymous_9)
FNDA:0,(anonymous_10)
FNDA:0,(anonymous_13)
FNDA:0,(anonymous_14)
FNDA:0,(anonymous_15)
DA:18,0
DA:20,0
DA:23,0
DA:31,0
DA:36,0
DA:38,0
DA:40,0
DA:41,0
DA:42,0
DA:50,0
DA:52,0
DA:56,0
DA:57,0
DA:61,0
LF:14
LH:0
BRF:0
BRH:0
end_of_record
TN:
SF:/Users/capeljos/Work/commerce-cif-hybris/cif/carts/src/clients/PostShippingAddressClient.ts
FN:22,(anonymous_0)
FN:26,(anonymous_1)
FN:41,(anonymous_2)
FN:42,(anonymous_3)
FNF:4
FNH:0
FNDA:0,(anonymous_0)
FNDA:0,(anonymous_1)
FNDA:0,(anonymous_2)
FNDA:0,(anonymous_3)
DA:18,0
DA:20,0
DA:23,0
DA:31,0
DA:36,0
DA:38,0
DA:40,0
DA:41,0
DA:42,0
LF:9
LH:0
BRF:0
BRH:0
end_of_record
TN:
SF:/Users/capeljos/Work/commerce-cif-hybris/cif/carts/src/clients/PostShippingMethodClient.ts
FN:23,(anonymous_0)
FN:27,(anonymous_1)
FN:40,(anonymous_2)
FN:41,(anonymous_3)
FNF:4
FNH:0
FNDA:0,(anonymous_0)
FNDA:0,(anonymous_1)
FNDA:0,(anonymous_2)
FNDA:0,(anonymous_3)
DA:18,0
DA:21,0
DA:24,0
DA:32,0
DA:37,0
DA:39,0
DA:40,0
DA:41,0
LF:8
LH:0
BRF:0
BRH:0
end_of_record
TN:
SF:/Users/capeljos/Work/commerce-cif-hybris/cif/carts/src/clients/PutCartEntryClient.ts
FN:23,(anonymous_0)
FN:27,(anonymous_1)
FN:41,(anonymous_2)
FN:42,(anonymous_3)
FNF:4
FNH:0
FNDA:0,(anonymous_0)
FNDA:0,(anonymous_1)
FNDA:0,(anonymous_2)
FNDA:0,(anonymous_3)
DA:18,0
DA:21,0
DA:24,0
DA:32,0
DA:38,0
DA:40,0
DA:41,0
DA:42,0
LF:8
LH:0
BRF:0
BRH:0
end_of_record
TN:
SF:/Users/capeljos/Work/commerce-cif-hybris/cif/carts/src/mappers/AddressMapper.ts
FN:23,(anonymous_0)
FN:31,(anonymous_1)
FN:78,(anonymous_2)
FNF:3
FNH:0
FNDA:0,(anonymous_0)
FNDA:0,(anonymous_1)
FNDA:0,(anonymous_2)
DA:17,0
DA:18,0
DA:19,0
DA:21,0
DA:24,0
DA:48,0
DA:50,0
DA:52,0
DA:53,0
DA:54,0
DA:55,0
DA:56,0
DA:57,0
DA:58,0
DA:59,0
DA:60,0
DA:61,0
DA:62,0
DA:64,0
DA:65,0
DA:66,0
DA:68,0
DA:69,0
DA:70,0
DA:72,0
DA:74,0
DA:95,0
DA:97,0
DA:107,0
DA:108,0
DA:109,0
DA:110,0
DA:111,0
DA:112,0
DA:113,0
DA:115,0
LF:36
LH:0
BRDA:35,0,0,0
BRDA:82,1,0,0
BRDA:91,2,0,0
BRF:3
BRH:0
end_of_record
TN:
SF:/Users/capeljos/Work/commerce-cif-hybris/cif/carts/src/mappers/AddressWrapperMapper.ts
FN:24,(anonymous_1)
FN:28,(anonymous_2)
FN:38,(anonymous_3)
FNF:3
FNH:0
FNDA:0,(anonymous_1)
FNDA:0,(anonymous_2)
FNDA:0,(anonymous_3)
DA:17,0
DA:20,0
DA:22,0
DA:25,0
DA:33,0
DA:35,0
DA:39,0
LF:7
LH:0
BRF:0
BRH:0
end_of_record
TN:
SF:/Users/capeljos/Work/commerce-cif-hybris/cif/carts/src/mappers/CartEntryMapper.ts
FN:25,(anonymous_1)
FN:29,(anonymous_2)
FN:50,(anonymous_3)
FN:61,(anonymous_4)
FN:85,(anonymous_5)
FNF:5
FNH:0
FNDA:0,(anonymous_1)
FNDA:0,(anonymous_2)
FNDA:0,(anonymous_3)
FNDA:0,(anonymous_4)
FNDA:0,(anonymous_5)
DA:17,0
DA:18,0
DA:19,0
DA:20,0
DA:21,0
DA:23,0
DA:26,0
DA:35,0
DA:37,0
DA:43,0
DA:51,0
DA:52,0
DA:53,0
DA:54,0
DA:55,0
DA:56,0
DA:58,0
DA:69,0
DA:71,0
DA:73,0
DA:82,0
DA:86,0
DA:87,0
DA:89,0
DA:91,0
DA:92,0
DA:93,0
LF:27
LH:0
BRF:0
BRH:0
end_of_record
TN:
SF:/Users/capeljos/Work/commerce-cif-hybris/cif/carts/src/mappers/CartMapper.ts
FN:29,(anonymous_1)
FN:33,(anonymous_2)
FN:49,(anonymous_3)
FN:71,(anonymous_4)
FNF:4
FNH:0
FNDA:0,(anonymous_1)
FNDA:0,(anonymous_2)
FNDA:0,(anonymous_3)
FNDA:0,(anonymous_4)
DA:17,0
DA:18,0
DA:20,0
DA:21,0
DA:22,0
DA:23,0
DA:24,0
DA:25,0
DA:27,0
DA:30,0
DA:40,0
DA:42,0
DA:63,0
DA:65,0
DA:67,0
DA:69,0
DA:71,0
DA:77,0
DA:81,0
DA:85,0
DA:91,0
DA:95,0
DA:99,0
DA:100,0
DA:101,0
DA:105,0
DA:108,0
LF:27
LH:0
BRDA:55,0,0,0
BRDA:65,1,0,0
BRDA:65,1,1,0
BRF:3
BRH:0
end_of_record
TN:
SF:/Users/capeljos/Work/commerce-cif-hybris/cif/carts/src/mappers/CartModificationMapper.ts
FN:5,(anonymous_0)
FN:19,(anonymous_1)
FNF:2
FNH:0
FNDA:0,(anonymous_0)
FNDA:0,(anonymous_1)
DA:1,0
DA:4,0
DA:6,0
DA:20,0
DA:21,0
DA:23,0
LF:6
LH:0
BRDA:21,0,0,0
BRDA:21,0,1,0
BRDA:21,0,2,0
BRF:3
BRH:0
end_of_record
TN:
SF:/Users/capeljos/Work/commerce-cif-hybris/cif/carts/src/mappers/CouponListMapper.ts
FN:24,(anonymous_1)
FN:37,(anonymous_2)
FN:39,(anonymous_3)
FNF:3
FNH:0
FNDA:0,(anonymous_1)
FNDA:0,(anonymous_2)
FNDA:0,(anonymous_3)
DA:17,0
DA:20,0
DA:22,0
DA:25,0
DA:38,0
DA:39,0
LF:6
LH:0
BRF:0
BRH:0
end_of_record
TN:
SF:/Users/capeljos/Work/commerce-cif-hybris/cif/carts/src/mappers/CouponMapper.ts
FN:23,(anonymous_0)
FN:27,(anonymous_1)
FN:42,(anonymous_2)
FNF:3
FNH:0
FNDA:0,(anonymous_0)
FNDA:0,(anonymous_1)
FNDA:0,(anonymous_2)
DA:17,0
DA:18,0
DA:21,0
DA:24,0
DA:33,0
DA:35,0
DA:46,0
DA:47,0
LF:8
LH:0
BRF:0
BRH:0
end_of_record
TN:
SF:/Users/capeljos/Work/commerce-cif-hybris/cif/carts/src/mappers/PaymentMapper.ts
FN:23,(anonymous_0)
FN:27,(anonymous_1)
FN:40,(anonymous_2)
FN:50,(anonymous_3)
FN:58,(anonymous_4)
FN:67,(anonymous_5)
FN:74,(anonymous_6)
FNF:7
FNH:0
FNDA:0,(anonymous_0)
FNDA:0,(anonymous_1)
FNDA:0,(anonymous_2)
FNDA:0,(anonymous_3)
FNDA:0,(anonymous_4)
FNDA:0,(anonymous_5)
FNDA:0,(anonymous_6)
DA:17,0
DA:18,0
DA:19,0
DA:21,0
DA:24,0
DA:33,0
DA:35,0
DA:37,0
DA:42,0
DA:44,0
DA:45,0
DA:47,0
DA:54,0
DA:55,0
DA:59,0
DA:60,0
DA:62,0
DA:63,0
DA:64,0
DA:68,0
DA:69,0
DA:70,0
DA:71,0
DA:78,0
DA:83,0
DA:85,0
LF:26
LH:0
BRDA:35,0,0,0
BRDA:35,0,1,0
BRDA:82,1,0,0
BRF:3
BRH:0
end_of_record
TN:
SF:/Users/capeljos/Work/commerce-cif-hybris/cif/carts/src/mappers/PaymentMethodListMapper.ts
FN:24,(anonymous_1)
FN:37,(anonymous_2)
FN:39,(anonymous_3)
FNF:3
FNH:0
FNDA:0,(anonymous_1)
FNDA:0,(anonymous_2)
FNDA:0,(anonymous_3)
DA:17,0
DA:20,0
DA:22,0
DA:25,0
DA:38,0
DA:39,0
LF:6
LH:0
BRF:0
BRH:0
end_of_record
TN:
SF:/Users/capeljos/Work/commerce-cif-hybris/cif/carts/src/mappers/PaymentMethodMapper.ts
FN:23,(anonymous_0)
FN:27,(anonymous_1)
FN:40,(anonymous_2)
FNF:3
FNH:0
FNDA:0,(anonymous_0)
FNDA:0,(anonymous_1)
FNDA:0,(anonymous_2)
DA:17,0
DA:18,0
DA:21,0
DA:24,0
DA:31,0
DA:33,0
DA:44,0
DA:46,0
LF:8
LH:0
BRF:0
BRH:0
end_of_record
TN:
SF:/Users/capeljos/Work/commerce-cif-hybris/cif/carts/src/mappers/ShippingInfoMapper.ts
FN:24,(anonymous_1)
FN:28,(anonymous_2)
FN:42,(anonymous_3)
FNF:3
FNH:0
FNDA:0,(anonymous_1)
FNDA:0,(anonymous_2)
FNDA:0,(anonymous_3)
DA:17,0
DA:18,0
DA:19,0
DA:20,0
DA:22,0
DA:25,0
DA:33,0
DA:35,0
DA:48,0
DA:50,0
DA:51,0
DA:55,0
LF:12
LH:0
BRDA:46,0,0,0
BRDA:57,1,0,0
BRDA:57,1,1,0
BRF:3
BRH:0
end_of_record
TN:
SF:/Users/capeljos/Work/commerce-cif-hybris/cif/carts/src/mappers/ShippingMethodListMapper.ts
FN:24,(anonymous_1)
FN:28,(anonymous_2)
FN:41,(anonymous_3)
FN:43,(anonymous_4)
FNF:4
FNH:0
FNDA:0,(anonymous_1)
FNDA:0,(anonymous_2)
FNDA:0,(anonymous_3)
FNDA:0,(anonymous_4)
DA:17,0
DA:20,0
DA:22,0
DA:25,0
DA:32,0
DA:34,0
DA:42,0
DA:43,0
LF:8
LH:0
BRF:0
BRH:0
end_of_record
TN:
SF:/Users/capeljos/Work/commerce-cif-hybris/cif/carts/src/mappers/ShippingMethodMapper.ts
FN:24,(anonymous_1)
FN:36,(anonymous_2)
FNF:2
FNH:0
FNDA:0,(anonymous_1)
FNDA:0,(anonymous_2)
DA:17,0
DA:18,0
DA:19,0
DA:20,0
DA:22,0
DA:25,0
DA:42,0
DA:44,0
LF:8
LH:0
BRDA:40,0,0,0
BRDA:46,1,0,0
BRDA:46,1,1,0
BRF:3
BRH:0
end_of_record
TN:
SF:/Users/capeljos/Work/commerce-cif-hybris/cif/carts/src/validations/billingaddress.ts
FN:27,deleteBillingAddress
FNF:1
FNH:0
FNDA:0,deleteBillingAddress
DA:18,0
DA:19,0
DA:20,0
DA:21,0
DA:23,0
DA:25,0
DA:29,0
DA:34,0
DA:42,0
LF:9
LH:0
BRF:0
BRH:0
end_of_record
TN:
SF:/Users/capeljos/Work/commerce-cif-hybris/cif/carts/src/validations/carts.ts
FN:25,getCartById
FN:38,postCart
FNF:2
FNH:0
FNDA:0,getCartById
FNDA:0,postCart
DA:20,0
DA:21,0
DA:23,0
DA:27,0
DA:35,0
DA:36,0
DA:40,0
DA:51,0
LF:8
LH:0
BRF:0
BRH:0
end_of_record
TN:
SF:/Users/capeljos/Work/commerce-cif-hybris/cif/carts/src/validations/coupons.ts
FN:25,postCoupon
FN:38,deleteCouponById
FNF:2
FNH:0
FNDA:0,postCoupon
FNDA:0,deleteCouponById
DA:20,0
DA:21,0
DA:23,0
DA:27,0
DA:36,0
DA:40,0
DA:49,0
LF:7
LH:0
BRF:0
BRH:0
end_of_record
TN:
SF:/Users/capeljos/Work/commerce-cif-hybris/cif/carts/src/validations/entries.ts
FN:25,postCartEntry
FN:41,putCartEntry
FN:57,deleteCartEntry
FNF:3
FNH:0
FNDA:0,postCartEntry
FNDA:0,putCartEntry
FNDA:0,deleteCartEntry
DA:20,0
DA:21,0
DA:23,0
DA:27,0
DA:39,0
DA:43,0
DA:55,0
DA:59,0
DA:68,0
LF:9
LH:0
BRF:0
BRH:0
end_of_record
TN:
SF:/Users/capeljos/Work/commerce-cif-hybris/cif/carts/src/validations/paymentmethods.ts
FN:24,getPaymentMethods
FNF:1
FNH:0
FNDA:0,getPaymentMethods
DA:19,0
DA:20,0
DA:22,0
DA:26,0
DA:34,0
LF:5
LH:0
BRF:0
BRH:0
end_of_record
TN:
SF:/Users/capeljos/Work/commerce-cif-hybris/cif/carts/src/validations/payments.ts
FN:25,postPayment
FN:38,deletePayment
FNF:2
FNH:0
FNDA:0,postPayment
FNDA:0,deletePayment
DA:20,0
DA:21,0
DA:23,0
DA:27,0
DA:36,0
DA:40,0
DA:49,0
LF:7
LH:0
BRF:0
BRH:0
end_of_record
TN:
SF:/Users/capeljos/Work/commerce-cif-hybris/cif/carts/src/validations/shippingaddress.ts
FN:26,postShippingAddress
FNF:1
FNH:0
FNDA:0,postShippingAddress
DA:18,0
DA:21,0
DA:22,0
DA:24,0
DA:28,0
DA:37,0
DA:38,0
LF:7
LH:0
BRF:0
BRH:0
end_of_record
TN:
SF:/Users/capeljos/Work/commerce-cif-hybris/cif/carts/src/validations/shippingmethods.ts
FN:27,postShippingMethod
FN:38,getShippingMethod
FNF:2
FNH:0
FNDA:0,postShippingMethod
FNDA:0,getShippingMethod
DA:18,0
DA:21,0
DA:22,0
DA:23,0
DA:25,0
DA:29,0
DA:40,0
DA:48,0
DA:49,0
DA:50,0
LF:10
LH:0
BRF:0
BRH:0
end_of_record
TN:
SF:/Users/capeljos/Work/commerce-cif-hybris/cif/categories/src/actions/categories.ts
FN:26,getCategoryById
FN:38,getCategories
FNF:2
FNH:0
FNDA:0,getCategoryById
FNDA:0,getCategories
DA:18,0
DA:19,0
DA:20,0
DA:21,0
DA:22,0
DA:24,0
DA:28,0
DA:36,0
DA:40,0
DA:47,0
LF:10
LH:0
BRF:0
BRH:0
end_of_record
TN:
SF:/Users/capeljos/Work/commerce-cif-hybris/cif/categories/src/clients/GetCategoriesClient.ts
FN:22,(anonymous_0)
FN:26,(anonymous_1)
FN:34,(anonymous_2)
FN:35,(anonymous_3)
FNF:4
FNH:0
FNDA:0,(anonymous_0)
FNDA:0,(anonymous_1)
FNDA:0,(anonymous_2)
FNDA:0,(anonymous_3)
DA:18,0
DA:20,0
DA:23,0
DA:31,0
DA:33,0
DA:34,0
DA:35,0
LF:7
LH:0
BRF:0
BRH:0
end_of_record
TN:
SF:/Users/capeljos/Work/commerce-cif-hybris/cif/categories/src/clients/GetCategoryByIdClient.ts
FN:22,(anonymous_0)
FN:26,(anonymous_1)
FN:38,(anonymous_2)
FN:39,(anonymous_3)
FNF:4
FNH:0
FNDA:0,(anonymous_0)
FNDA:0,(anonymous_1)
FNDA:0,(anonymous_2)
FNDA:0,(anonymous_3)
DA:18,0
DA:20,0
DA:23,0
DA:31,0
DA:35,0
DA:37,0
DA:38,0
DA:39,0
LF:8
LH:0
BRF:0
BRH:0
end_of_record
TN:
SF:/Users/capeljos/Work/commerce-cif-hybris/cif/categories/src/mappers/CategoryMapper.ts
FN:24,(anonymous_0)
FN:28,(anonymous_1)
FN:41,(anonymous_2)
FN:57,(anonymous_3)
FNF:4
FNH:0
FNDA:0,(anonymous_0)
FNDA:0,(anonymous_1)
FNDA:0,(anonymous_2)
FNDA:0,(anonymous_3)
DA:17,0
DA:18,0
DA:20,0
DA:22,0
DA:25,0
DA:32,0
DA:34,0
DA:48,0
DA:50,0
DA:54,0
DA:55,0
DA:57,0
DA:58,0
DA:59,0
DA:60,0
DA:63,0
LF:16
LH:0
BRDA:46,0,0,0
BRF:1
BRH:0
end_of_record
TN:
SF:/Users/capeljos/Work/commerce-cif-hybris/cif/categories/src/mappers/PagedResponseCategoryMapper.ts
FN:25,(anonymous_1)
FN:29,(anonymous_2)
FN:46,(anonymous_3)
FN:71,(anonymous_4)
FN:80,(anonymous_5)
FN:81,(anonymous_6)
FN:84,(anonymous_7)
FN:94,(anonymous_8)
FN:98,(anonymous_9)
FN:109,(anonymous_10)
FN:118,(anonymous_11)
FNF:11
FNH:0
FNDA:0,(anonymous_1)
FNDA:0,(anonymous_2)
FNDA:0,(anonymous_3)
FNDA:0,(anonymous_4)
FNDA:0,(anonymous_5)
FNDA:0,(anonymous_6)
FNDA:0,(anonymous_7)
FNDA:0,(anonymous_8)
FNDA:0,(anonymous_9)
FNDA:0,(anonymous_10)
FNDA:0,(anonymous_11)
DA:17,0
DA:18,0
DA:19,0
DA:20,0
DA:21,0
DA:23,0
DA:26,0
DA:37,0
DA:39,0
DA:50,0
DA:57,0
DA:59,0
DA:62,0
DA:64,0
DA:67,0
DA:68,0
DA:70,0
DA:71,0
DA:73,0
DA:81,0
DA:85,0
DA:86,0
DA:88,0
DA:89,0
DA:91,0
DA:96,0
DA:98,0
DA:99,0
DA:101,0
DA:103,0
DA:106,0
DA:110,0
DA:111,0
DA:112,0
DA:113,0
DA:114,0
DA:115,0
DA:119,0
LF:38
LH:0
BRDA:54,0,0,0
BRDA:55,1,0,0
BRDA:94,2,0,0
BRDA:119,3,0,0
BRDA:119,3,1,0
BRDA:119,3,2,0
BRF:6
BRH:0
end_of_record
TN:
SF:/Users/capeljos/Work/commerce-cif-hybris/cif/categories/src/validations/categories.ts
FN:26,getCategoryById
FN:38,getCategories
FNF:2
FNH:0
FNDA:0,getCategoryById
FNDA:0,getCategories
DA:20,0
DA:21,0
DA:22,0
DA:24,0
DA:28,0
DA:36,0
DA:40,0
DA:49,0
LF:8
LH:0
BRF:0
BRH:0
end_of_record
TN:
SF:/Users/capeljos/Work/commerce-cif-hybris/cif/products/src/actions/products.ts
FN:26,getProductById
FN:37,searchProducts
FNF:2
FNH:0
FNDA:0,getProductById
FNDA:0,searchProducts
DA:18,0
DA:19,0
DA:20,0
DA:21,0
DA:22,0
DA:24,0
DA:28,0
DA:35,0
DA:39,0
DA:47,0
LF:10
LH:0
BRF:0
BRH:0
end_of_record
TN:
SF:/Users/capeljos/Work/commerce-cif-hybris/cif/products/src/clients/GetProductByIdClient.ts
FN:23,(anonymous_0)
FN:27,(anonymous_1)
FN:34,(anonymous_2)
FN:35,(anonymous_3)
FNF:4
FNH:0
FNDA:0,(anonymous_0)
FNDA:0,(anonymous_1)
FNDA:0,(anonymous_2)
FNDA:0,(anonymous_3)
DA:18,0
DA:21,0
DA:24,0
DA:31,0
DA:33,0
DA:34,0
DA:35,0
LF:7
LH:0
BRF:0
BRH:0
end_of_record
TN:
SF:/Users/capeljos/Work/commerce-cif-hybris/cif/products/src/clients/SearchProductClient.ts
FN:23,(anonymous_0)
FN:27,(anonymous_1)
FN:30,(anonymous_2)
FN:31,(anonymous_3)
FN:35,(anonymous_4)
FNF:5
FNH:0
FNDA:0,(anonymous_0)
FNDA:0,(anonymous_1)
FNDA:0,(anonymous_2)
FNDA:0,(anonymous_3)
FNDA:0,(anonymous_4)
DA:18,0
DA:21,0
DA:24,0
DA:29,0
DA:30,0
DA:31,0
DA:36,0
LF:7
LH:0
BRF:0
BRH:0
end_of_record
TN:
SF:/Users/capeljos/Work/commerce-cif-hybris/cif/products/src/helpers/PagedResponseHelper.ts
FN:21,(anonymous_0)
FN:30,(anonymous_1)
FN:42,(anonymous_2)
FNF:3
FNH:0
FNDA:0,(anonymous_0)
FNDA:0,(anonymous_1)
FNDA:0,(anonymous_2)
DA:17,0
DA:19,0
DA:22,0
DA:31,0
DA:36,0
DA:37,0
DA:39,0
DA:43,0
LF:8
LH:0
BRF:0
BRH:0
end_of_record
TN:
SF:/Users/capeljos/Work/commerce-cif-hybris/cif/products/src/helpers/ProductsHelper.ts
FN:28,(anonymous_1)
FN:30,(anonymous_2)
FN:35,(anonymous_3)
FN:43,(anonymous_4)
FN:47,(anonymous_5)
FN:48,(anonymous_6)
FN:52,(anonymous_7)
FN:60,(anonymous_8)
FN:61,(anonymous_9)
FN:64,(anonymous_10)
FN:66,(anonymous_11)
FN:71,(anonymous_12)
FN:72,(anonymous_13)
FNF:13
FNH:0
FNDA:0,(anonymous_1)
FNDA:0,(anonymous_2)
FNDA:0,(anonymous_3)
FNDA:0,(anonymous_4)
FNDA:0,(anonymous_5)
FNDA:0,(anonymous_6)
FNDA:0,(anonymous_7)
FNDA:0,(anonymous_8)
FNDA:0,(anonymous_9)
FNDA:0,(anonymous_10)
FNDA:0,(anonymous_11)
FNDA:0,(anonymous_12)
FNDA:0,(anonymous_13)
DA:19,0
DA:20,0
DA:21,0
DA:22,0
DA:23,0
DA:24,0
DA:26,0
DA:30,0
DA:32,0
DA:36,0
DA:38,0
DA:40,0
DA:45,0
DA:46,0
DA:47,0
DA:48,0
DA:53,0
DA:61,0
DA:66,0
DA:68,0
DA:72,0
LF:21
LH:0
BRF:0
BRH:0
end_of_record
TN:
SF:/Users/capeljos/Work/commerce-cif-hybris/cif/products/src/mappers/AssetMapper.ts
FN:23,(anonymous_0)
FN:35,(anonymous_1)
FN:48,(anonymous_2)
FN:52,(anonymous_3)
FNF:4
FNH:0
FNDA:0,(anonymous_0)
FNDA:0,(anonymous_1)
FNDA:0,(anonymous_2)
FNDA:0,(anonymous_3)
DA:17,0
DA:18,0
DA:21,0
DA:24,0
DA:40,0
DA:42,0
DA:49,0
DA:58,0
DA:61,0
DA:64,0
LF:10
LH:0
BRF:0
BRH:0
end_of_record
TN:
SF:/Users/capeljos/Work/commerce-cif-hybris/cif/products/src/mappers/CategoryMapper.ts
FN:23,(anonymous_0)
FN:35,(anonymous_1)
FNF:2
FNH:0
FNDA:0,(anonymous_0)
FNDA:0,(anonymous_1)
DA:17,0
DA:18,0
DA:21,0
DA:24,0
DA:39,0
DA:41,0
LF:6
LH:0
BRF:0
BRH:0
end_of_record
TN:
SF:/Users/capeljos/Work/commerce-cif-hybris/cif/products/src/mappers/FacetMapper.ts
FN:24,(anonymous_0)
FN:36,(anonymous_1)
FN:57,(anonymous_2)
FNF:3
FNH:0
FNDA:0,(anonymous_0)
FNDA:0,(anonymous_1)
FNDA:0,(anonymous_2)
DA:17,0
DA:18,0
DA:20,0
DA:22,0
DA:25,0
DA:42,0
DA:44,0
DA:46,0
DA:53,0
DA:54,0
DA:58,0
DA:59,0
LF:12
LH:0
BRDA:40,0,0,0
BRDA:41,1,0,0
BRF:2
BRH:0
end_of_record
TN:
SF:/Users/capeljos/Work/commerce-cif-hybris/cif/products/src/mappers/FacetValueMapper.ts
FN:23,(anonymous_0)
FN:35,(anonymous_1)
FN:56,(anonymous_2)
FNF:3
FNH:0
FNDA:0,(anonymous_0)
FNDA:0,(anonymous_1)
FNDA:0,(anonymous_2)
DA:17,0
DA:18,0
DA:21,0
DA:24,0
DA:42,0
DA:44,0
DA:46,0
DA:51,0
DA:52,0
DA:53,0
DA:57,0
DA:58,0
LF:12
LH:0
BRDA:39,0,0,0
BRF:1
BRH:0
end_of_record
TN:
SF:/Users/capeljos/Work/commerce-cif-hybris/cif/products/src/mappers/MoneyValueMapper.ts
FN:23,(anonymous_0)
FN:35,(anonymous_1)
FNF:2
FNH:0
FNDA:0,(anonymous_0)
FNDA:0,(anonymous_1)
DA:17,0
DA:18,0
DA:21,0
DA:24,0
DA:40,0
DA:42,0
LF:6
LH:0
BRF:0
BRH:0
end_of_record
TN:
SF:/Users/capeljos/Work/commerce-cif-hybris/cif/products/src/mappers/PagedResponseProductMapper.ts
FN:27,(anonymous_1)
FN:31,(anonymous_2)
FN:50,(anonymous_3)
FN:65,(anonymous_4)
FN:75,(anonymous_5)
FN:79,(anonymous_6)
FN:80,(anonymous_7)
FN:92,(anonymous_8)
FN:93,(anonymous_9)
FN:106,(anonymous_10)
FNF:10
FNH:0
FNDA:0,(anonymous_1)
FNDA:0,(anonymous_2)
FNDA:0,(anonymous_3)
FNDA:0,(anonymous_4)
FNDA:0,(anonymous_5)
FNDA:0,(anonymous_6)
FNDA:0,(anonymous_7)
FNDA:0,(anonymous_8)
FNDA:0,(anonymous_9)
FNDA:0,(anonymous_10)
DA:17,0
DA:18,0
DA:20,0
DA:21,0
DA:22,0
DA:23,0
DA:25,0
DA:28,0
DA:39,0
DA:40,0
DA:42,0
DA:57,0
DA:63,0
DA:65,0
DA:67,0
DA:75,0
DA:79,0
DA:80,0
DA:82,0
DA:84,0
DA:89,0
DA:93,0
DA:94,0
DA:96,0
DA:97,0
DA:100,0
DA:102,0
DA:107,0
LF:28
LH:0
BRDA:34,0,0,0
BRDA:35,1,0,0
BRDA:36,2,0,0
BRDA:37,3,0,0
BRDA:38,4,0,0
BRDA:53,5,0,0
BRF:6
BRH:0
end_of_record
TN:
SF:/Users/capeljos/Work/commerce-cif-hybris/cif/products/src/mappers/ProductMapper.ts
FN:25,(anonymous_0)
FN:29,(anonymous_1)
FN:42,(anonymous_2)
FNF:3
FNH:0
FNDA:0,(anonymous_0)
FNDA:0,(anonymous_1)
FNDA:0,(anonymous_2)
DA:17,0
DA:18,0
DA:20,0
DA:21,0
DA:23,0
DA:26,0
DA:32,0
DA:34,0
DA:53,0
DA:55,0
DA:63,0
DA:64,0
DA:65,0
DA:66,0
DA:67,0
DA:68,0
DA:70,0
LF:17
LH:0
BRDA:47,0,0,0
BRDA:50,1,0,0
BRF:2
BRH:0
end_of_record
TN:
SF:/Users/capeljos/Work/commerce-cif-hybris/cif/products/src/mappers/ProductVariantMapper.ts
FN:25,(anonymous_0)
FN:37,(anonymous_1)
FN:56,(anonymous_2)
FN:62,(anonymous_3)
FN:76,(anonymous_4)
FN:80,(anonymous_5)
FNF:6
FNH:0
FNDA:0,(anonymous_0)
FNDA:0,(anonymous_1)
FNDA:0,(anonymous_2)
FNDA:0,(anonymous_3)
FNDA:0,(anonymous_4)
FNDA:0,(anonymous_5)
DA:17,0
DA:18,0
DA:20,0
DA:21,0
DA:23,0
DA:26,0
DA:44,0
DA:46,0
DA:55,0
DA:56,0
DA:59,0
DA:64,0
DA:66,0
DA:71,0
DA:73,0
DA:77,0
DA:80,0
DA:83,0
DA:86,0
LF:19
LH:0
BRDA:50,0,0,0
BRDA:50,0,1,0
BRDA:64,1,0,0
BRF:3
BRH:0
end_of_record
TN:
SF:/Users/capeljos/Work/commerce-cif-hybris/cif/products/src/validations/products.ts
FN:25,getProductById
FN:37,searchProducts
FNF:2
FNH:0
FNDA:0,getProductById
FNDA:0,searchProducts
DA:19,0
DA:20,0
DA:21,0
DA:23,0
DA:27,0
DA:35,0
DA:39,0
DA:51,0
LF:8
LH:0
BRF:0
BRH:0
end_of_record
TN:
SF:/Users/capeljos/Work/commerce-cif-hybris/cif/shoppinglists/src/actions/entries.ts
FN:31,getShoppingListEntries
FN:40,getShoppingListEntryById
FN:49,postShoppingListEntry
FN:58,deleteShoppingListEntry
FNF:4
FNH:0
FNDA:0,getShoppingListEntries
FNDA:0,getShoppingListEntryById
FNDA:0,postShoppingListEntry
FNDA:0,deleteShoppingListEntry
DA:18,0
DA:20,0
DA:21,0
DA:22,0
DA:23,0
DA:25,0
DA:26,0
DA:27,0
DA:29,0
DA:32,0
DA:38,0
DA:41,0
DA:47,0
DA:50,0
DA:56,0
DA:59,0
DA:65,0
LF:17
LH:0
BRF:0
BRH:0
end_of_record
TN:
SF:/Users/capeljos/Work/commerce-cif-hybris/cif/shoppinglists/src/actions/shoppinglists.ts
FN:31,getShoppingListById
FN:40,getShoppingLists
FN:49,deleteShoppingList
FN:58,patchShoppingList
FN:67,postShoppingList
FNF:5
FNH:0
FNDA:0,getShoppingListById
FNDA:0,getShoppingLists
FNDA:0,deleteShoppingList
FNDA:0,patchShoppingList
FNDA:0,postShoppingList
DA:18,0
DA:20,0
DA:21,0
DA:22,0
DA:23,0
DA:24,0
DA:26,0
DA:27,0
DA:29,0
DA:32,0
DA:38,0
DA:41,0
DA:47,0
DA:50,0
DA:56,0
DA:59,0
DA:65,0
DA:68,0
DA:73,0
LF:19
LH:0
BRF:0
BRH:0
end_of_record
TN:
SF:/Users/capeljos/Work/commerce-cif-hybris/cif/shoppinglists/src/clients/DeleteShoppingListEntryByIdClient.ts
FN:23,(anonymous_0)
FN:27,(anonymous_1)
FN:40,(anonymous_2)
FN:41,(anonymous_3)
FNF:4
FNH:0
FNDA:0,(anonymous_0)
FNDA:0,(anonymous_1)
FNDA:0,(anonymous_2)
FNDA:0,(anonymous_3)
DA:18,0
DA:21,0
DA:24,0
DA:32,0
DA:37,0
DA:39,0
DA:40,0
DA:41,0
LF:8
LH:0
BRF:0
BRH:0
end_of_record
TN:
SF:/Users/capeljos/Work/commerce-cif-hybris/cif/shoppinglists/src/clients/GetShoppingListByIdClient.ts
FN:23,(anonymous_0)
FN:27,(anonymous_1)
FN:39,(anonymous_2)
FN:40,(anonymous_3)
FN:44,(anonymous_4)
FNF:5
FNH:0
FNDA:0,(anonymous_0)
FNDA:0,(anonymous_1)
FNDA:0,(anonymous_2)
FNDA:0,(anonymous_3)
FNDA:0,(anonymous_4)
DA:18,0
DA:21,0
DA:24,0
DA:32,0
DA:36,0
DA:38,0
DA:39,0
DA:40,0
DA:45,0
DA:46,0
DA:47,0
LF:11
LH:0
BRF:0
BRH:0
end_of_record
TN:
SF:/Users/capeljos/Work/commerce-cif-hybris/cif/shoppinglists/src/clients/GetShoppingListClient.ts
FN:23,(anonymous_0)
FN:27,(anonymous_1)
FN:40,(anonymous_2)
FN:41,(anonymous_3)
FNF:4
FNH:0
FNDA:0,(anonymous_0)
FNDA:0,(anonymous_1)
FNDA:0,(anonymous_2)
FNDA:0,(anonymous_3)
DA:18,0
DA:21,0
DA:24,0
DA:32,0
DA:37,0
DA:39,0
DA:40,0
DA:41,0
LF:8
LH:0
BRF:0
BRH:0
end_of_record
TN:
SF:/Users/capeljos/Work/commerce-cif-hybris/cif/shoppinglists/src/clients/GetShoppingListEntryByIdClient.ts
FN:23,(anonymous_0)
FN:27,(anonymous_1)
FN:40,(anonymous_2)
FN:41,(anonymous_3)
FNF:4
FNH:0
FNDA:0,(anonymous_0)
FNDA:0,(anonymous_1)
FNDA:0,(anonymous_2)
FNDA:0,(anonymous_3)
DA:18,0
DA:21,0
DA:24,0
DA:32,0
DA:37,0
DA:39,0
DA:40,0
DA:41,0
LF:8
LH:0
BRF:0
BRH:0
end_of_record
TN:
SF:/Users/capeljos/Work/commerce-cif-hybris/cif/shoppinglists/src/clients/GetShoppingListEntryClient.ts
FN:23,(anonymous_0)
FN:27,(anonymous_1)
FN:39,(anonymous_2)
FN:40,(anonymous_3)
FNF:4
FNH:0
FNDA:0,(anonymous_0)
FNDA:0,(anonymous_1)
FNDA:0,(anonymous_2)
FNDA:0,(anonymous_3)
DA:18,0
DA:21,0
DA:24,0
DA:32,0
DA:36,0
DA:38,0
DA:39,0
DA:40,0
LF:8
LH:0
BRF:0
BRH:0
end_of_record
TN:
SF:/Users/capeljos/Work/commerce-cif-hybris/cif/shoppinglists/src/clients/PatchShoppingListClient.ts
FN:23,(anonymous_0)
FN:27,(anonymous_1)
FN:40,(anonymous_2)
FN:41,(anonymous_3)
FN:44,(anonymous_4)
FNF:5
FNH:0
FNDA:0,(anonymous_0)
FNDA:0,(anonymous_1)
FNDA:0,(anonymous_2)
FNDA:0,(anonymous_3)
FNDA:0,(anonymous_4)
DA:18,0
DA:21,0
DA:24,0
DA:32,0
DA:37,0
DA:39,0
DA:40,0
DA:41,0
DA:45,0
DA:46,0
DA:47,0
LF:11
LH:0
BRF:0
BRH:0
end_of_record
TN:
SF:/Users/capeljos/Work/commerce-cif-hybris/cif/shoppinglists/src/clients/PostShoppingListClient.ts
FN:24,(anonymous_1)
FN:28,(anonymous_2)
FN:40,(anonymous_3)
FN:41,(anonymous_4)
FN:45,(anonymous_5)
FNF:5
FNH:0
FNDA:0,(anonymous_1)
FNDA:0,(anonymous_2)
FNDA:0,(anonymous_3)
FNDA:0,(anonymous_4)
FNDA:0,(anonymous_5)
DA:18,0
DA:20,0
DA:22,0
DA:25,0
DA:33,0
DA:37,0
DA:39,0
DA:40,0
DA:41,0
DA:46,0
DA:51,0
DA:54,0
DA:55,0
DA:58,0
LF:14
LH:0
BRDA:46,0,0,0
BRDA:46,0,1,0
BRDA:49,1,0,0
BRF:3
BRH:0
end_of_record
TN:
SF:/Users/capeljos/Work/commerce-cif-hybris/cif/shoppinglists/src/clients/PostShoppingListEntryClient.ts
FN:23,(anonymous_0)
FN:27,(anonymous_1)
FN:41,(anonymous_2)
FN:42,(anonymous_3)
FNF:4
FNH:0
FNDA:0,(anonymous_0)
FNDA:0,(anonymous_1)
FNDA:0,(anonymous_2)
FNDA:0,(anonymous_3)
DA:18,0
DA:21,0
DA:24,0
DA:32,0
DA:37,0
DA:40,0
DA:41,0
DA:42,0
DA:45,0
LF:9
LH:0
BRF:0
BRH:0
end_of_record
TN:
SF:/Users/capeljos/Work/commerce-cif-hybris/cif/shoppinglists/src/mappers/PagedResponseShoppingListEntryMapper.ts
FN:28,(anonymous_1)
FN:32,(anonymous_2)
FN:49,(anonymous_3)
FN:66,(anonymous_4)
FNF:4
FNH:0
FNDA:0,(anonymous_1)
FNDA:0,(anonymous_2)
FNDA:0,(anonymous_3)
FNDA:0,(anonymous_4)
DA:17,0
DA:18,0
DA:20,0
DA:21,0
DA:23,0
DA:25,0
DA:26,0
DA:29,0
DA:37,0
DA:38,0
DA:39,0
DA:41,0
DA:53,0
DA:54,0
DA:57,0
DA:65,0
DA:66,0
DA:68,0
DA:75,0
LF:19
LH:0
BRDA:34,0,0,0
BRDA:35,1,0,0
BRDA:52,2,0,0
BRF:3
BRH:0
end_of_record
TN:
SF:/Users/capeljos/Work/commerce-cif-hybris/cif/shoppinglists/src/mappers/PagedResponseShoppingListMapper.ts
FN:28,(anonymous_1)
FN:32,(anonymous_2)
FN:48,(anonymous_3)
FN:55,(anonymous_4)
FNF:4
FNH:0
FNDA:0,(anonymous_1)
FNDA:0,(anonymous_2)
FNDA:0,(anonymous_3)
FNDA:0,(anonymous_4)
DA:17,0
DA:18,0
DA:20,0
DA:21,0
DA:23,0
DA:25,0
DA:26,0
DA:29,0
DA:36,0
DA:37,0
DA:38,0
DA:40,0
DA:52,0
DA:54,0
DA:55,0
DA:57,0
DA:64,0
LF:17
LH:0
BRDA:34,0,0,0
BRDA:35,1,0,0
BRDA:51,2,0,0
BRF:3
BRH:0
end_of_record
TN:
SF:/Users/capeljos/Work/commerce-cif-hybris/cif/shoppinglists/src/mappers/ShoppingListEntryMapper.ts
FN:24,(anonymous_1)
FN:28,(anonymous_2)
FN:49,(anonymous_3)
FN:60,(anonymous_4)
FN:77,(anonymous_5)
FNF:5
FNH:0
FNDA:0,(anonymous_1)
FNDA:0,(anonymous_2)
FNDA:0,(anonymous_3)
FNDA:0,(anonymous_4)
FNDA:0,(anonymous_5)
DA:17,0
DA:18,0
DA:19,0
DA:20,0
DA:22,0
DA:25,0
DA:34,0
DA:36,0
DA:42,0
DA:50,0
DA:51,0
DA:52,0
DA:53,0
DA:54,0
DA:55,0
DA:57,0
DA:66,0
DA:68,0
DA:74,0
DA:78,0
DA:79,0
DA:81,0
DA:83,0
DA:84,0
DA:85,0
DA:86,0
LF:26
LH:0
BRDA:83,0,0,0
BRDA:83,0,1,0
BRF:2
BRH:0
end_of_record
TN:
SF:/Users/capeljos/Work/commerce-cif-hybris/cif/shoppinglists/src/mappers/ShoppingListEntryModificationMapper.ts
FN:23,(anonymous_1)
FN:27,(anonymous_2)
FN:45,(anonymous_3)
FN:55,(anonymous_4)
FN:73,(anonymous_5)
FNF:5
FNH:0
FNDA:0,(anonymous_1)
FNDA:0,(anonymous_2)
FNDA:0,(anonymous_3)
FNDA:0,(anonymous_4)
FNDA:0,(anonymous_5)
DA:17,0
DA:18,0
DA:19,0
DA:20,0
DA:22,0
DA:24,0
DA:32,0
DA:34,0
DA:39,0
DA:46,0
DA:47,0
DA:48,0
DA:49,0
DA:50,0
DA:52,0
DA:56,0
DA:57,0
DA:62,0
DA:64,0
DA:70,0
DA:74,0
DA:75,0
DA:77,0
DA:79,0
DA:80,0
DA:81,0
DA:82,0
LF:27
LH:0
BRDA:57,0,0,0
BRDA:57,0,1,0
BRDA:57,0,2,0
BRDA:79,1,0,0
BRDA:79,1,1,0
BRF:5
BRH:0
end_of_record
TN:
SF:/Users/capeljos/Work/commerce-cif-hybris/cif/shoppinglists/src/mappers/ShoppingListMapper.ts
FN:24,(anonymous_1)
FN:28,(anonymous_2)
FN:42,(anonymous_3)
FN:57,(anonymous_4)
FNF:4
FNH:0
FNDA:0,(anonymous_1)
FNDA:0,(anonymous_2)
FNDA:0,(anonymous_3)
FNDA:0,(anonymous_4)
DA:17,0
DA:18,0
DA:20,0
DA:22,0
DA:25,0
DA:32,0
DA:34,0
DA:50,0
DA:52,0
DA:54,0
DA:57,0
DA:61,0
DA:64,0
DA:67,0
LF:14
LH:0
BRDA:45,0,0,0
BRDA:52,1,0,0
BRDA:52,1,1,0
BRDA:52,2,0,0
BRDA:52,2,1,0
BRDA:60,3,0,0
BRDA:60,3,1,0
BRF:7
BRH:0
end_of_record
TN:
SF:/Users/capeljos/Work/commerce-cif-hybris/cif/shoppinglists/src/validations/entries.ts
FN:26,getShoppingListEntries
FN:40,getShoppingListEntryById
FN:51,postShoppingListEntry
FNF:3
FNH:0
FNDA:0,getShoppingListEntries
FNDA:0,getShoppingListEntryById
FNDA:0,postShoppingListEntry
DA:19,0
DA:20,0
DA:21,0
DA:22,0
DA:24,0
DA:27,0
DA:38,0
DA:41,0
DA:48,0
DA:49,0
DA:52,0
DA:62,0
LF:12
LH:0
BRF:0
BRH:0
end_of_record
TN:
SF:/Users/capeljos/Work/commerce-cif-hybris/cif/shoppinglists/src/validations/shoppinglists.ts
FN:25,getShoppingListById
FN:36,getShoppingLists
FN:49,postShoppingList
FN:58,patchShoppingList
FNF:4
FNH:0
FNDA:0,getShoppingListById
FNDA:0,getShoppingLists
FNDA:0,postShoppingList
FNDA:0,patchShoppingList
DA:19,0
DA:20,0
DA:21,0
DA:23,0
DA:26,0
DA:33,0
DA:34,0
DA:37,0
DA:47,0
DA:50,0
DA:56,0
DA:59,0
DA:66,0
LF:13
LH:0
BRF:0
BRH:0
end_of_record
